<?xml version="1.0" encoding="UTF-8"?>
<testsuite name="com.example.kafkaconnect.integration.ElasticsearchSinkConnectorIntegrationTest" tests="1" skipped="0" failures="1" errors="0" timestamp="2025-01-06T15:57:24" hostname="GS7329" time="0.769">
  <properties/>
  <testcase name="shouldProcessMessageAndIndexToElasticsearch()" classname="com.example.kafkaconnect.integration.ElasticsearchSinkConnectorIntegrationTest" time="0.769">
    <failure message="java.lang.NullPointerException: Cannot invoke &quot;java.util.Properties.getProperty(String)&quot; because &quot;this.properties&quot; is null" type="java.lang.NullPointerException">java.lang.NullPointerException: Cannot invoke &quot;java.util.Properties.getProperty(String)&quot; because &quot;this.properties&quot; is null
	at com.example.kafkaconnect.config.AppConfig.createElasticsearchClient(AppConfig.java:55)
	at com.example.kafkaconnect.integration.ElasticsearchSinkConnectorIntegrationTest.setUp(ElasticsearchSinkConnectorIntegrationTest.java:69)
	at java.base/jdk.internal.reflect.NativeMethodAccessorImpl.invoke0(Native Method)
	at java.base/jdk.internal.reflect.NativeMethodAccessorImpl.invoke(NativeMethodAccessorImpl.java:77)
	at java.base/jdk.internal.reflect.DelegatingMethodAccessorImpl.invoke(DelegatingMethodAccessorImpl.java:43)
	at java.base/java.lang.reflect.Method.invoke(Method.java:568)
	at org.junit.platform.commons.util.ReflectionUtils.invokeMethod(ReflectionUtils.java:728)
	at org.junit.jupiter.engine.execution.MethodInvocation.proceed(MethodInvocation.java:60)
	at org.junit.jupiter.engine.execution.InvocationInterceptorChain$ValidatingInvocation.proceed(InvocationInterceptorChain.java:131)
	at org.junit.jupiter.engine.extension.TimeoutExtension.intercept(TimeoutExtension.java:156)
	at org.junit.jupiter.engine.extension.TimeoutExtension.interceptLifecycleMethod(TimeoutExtension.java:128)
	at org.junit.jupiter.engine.extension.TimeoutExtension.interceptBeforeEachMethod(TimeoutExtension.java:78)
	at org.junit.jupiter.engine.execution.InterceptingExecutableInvoker$ReflectiveInterceptorCall.lambda$ofVoidMethod$0(InterceptingExecutableInvoker.java:103)
	at org.junit.jupiter.engine.execution.InterceptingExecutableInvoker.lambda$invoke$0(InterceptingExecutableInvoker.java:93)
	at org.junit.jupiter.engine.execution.InvocationInterceptorChain$InterceptedInvocation.proceed(InvocationInterceptorChain.java:106)
	at org.junit.jupiter.engine.execution.InvocationInterceptorChain.proceed(InvocationInterceptorChain.java:64)
	at org.junit.jupiter.engine.execution.InvocationInterceptorChain.chainAndInvoke(InvocationInterceptorChain.java:45)
	at org.junit.jupiter.engine.execution.InvocationInterceptorChain.invoke(InvocationInterceptorChain.java:37)
	at org.junit.jupiter.engine.execution.InterceptingExecutableInvoker.invoke(InterceptingExecutableInvoker.java:92)
	at org.junit.jupiter.engine.execution.InterceptingExecutableInvoker.invoke(InterceptingExecutableInvoker.java:86)
	at org.junit.jupiter.engine.descriptor.ClassBasedTestDescriptor.invokeMethodInExtensionContext(ClassBasedTestDescriptor.java:521)
	at org.junit.jupiter.engine.descriptor.ClassBasedTestDescriptor.lambda$synthesizeBeforeEachMethodAdapter$23(ClassBasedTestDescriptor.java:506)
	at org.junit.jupiter.engine.descriptor.TestMethodTestDescriptor.lambda$invokeBeforeEachMethods$3(TestMethodTestDescriptor.java:175)
	at org.junit.jupiter.engine.descriptor.TestMethodTestDescriptor.lambda$invokeBeforeMethodsOrCallbacksUntilExceptionOccurs$6(TestMethodTestDescriptor.java:203)
	at org.junit.platform.engine.support.hierarchical.ThrowableCollector.execute(ThrowableCollector.java:73)
	at org.junit.jupiter.engine.descriptor.TestMethodTestDescriptor.invokeBeforeMethodsOrCallbacksUntilExceptionOccurs(TestMethodTestDescriptor.java:203)
	at org.junit.jupiter.engine.descriptor.TestMethodTestDescriptor.invokeBeforeEachMethods(TestMethodTestDescriptor.java:172)
	at org.junit.jupiter.engine.descriptor.TestMethodTestDescriptor.execute(TestMethodTestDescriptor.java:135)
	at org.junit.jupiter.engine.descriptor.TestMethodTestDescriptor.execute(TestMethodTestDescriptor.java:69)
	at org.junit.platform.engine.support.hierarchical.NodeTestTask.lambda$executeRecursively$6(NodeTestTask.java:151)
	at org.junit.platform.engine.support.hierarchical.ThrowableCollector.execute(ThrowableCollector.java:73)
	at org.junit.platform.engine.support.hierarchical.NodeTestTask.lambda$executeRecursively$8(NodeTestTask.java:141)
	at org.junit.platform.engine.support.hierarchical.Node.around(Node.java:137)
	at org.junit.platform.engine.support.hierarchical.NodeTestTask.lambda$executeRecursively$9(NodeTestTask.java:139)
	at org.junit.platform.engine.support.hierarchical.ThrowableCollector.execute(ThrowableCollector.java:73)
	at org.junit.platform.engine.support.hierarchical.NodeTestTask.executeRecursively(NodeTestTask.java:138)
	at org.junit.platform.engine.support.hierarchical.NodeTestTask.execute(NodeTestTask.java:95)
	at java.base/java.util.ArrayList.forEach(ArrayList.java:1511)
	at org.junit.platform.engine.support.hierarchical.SameThreadHierarchicalTestExecutorService.invokeAll(SameThreadHierarchicalTestExecutorService.java:41)
	at org.junit.platform.engine.support.hierarchical.NodeTestTask.lambda$executeRecursively$6(NodeTestTask.java:155)
	at org.junit.platform.engine.support.hierarchical.ThrowableCollector.execute(ThrowableCollector.java:73)
	at org.junit.platform.engine.support.hierarchical.NodeTestTask.lambda$executeRecursively$8(NodeTestTask.java:141)
	at org.junit.platform.engine.support.hierarchical.Node.around(Node.java:137)
	at org.junit.platform.engine.support.hierarchical.NodeTestTask.lambda$executeRecursively$9(NodeTestTask.java:139)
	at org.junit.platform.engine.support.hierarchical.ThrowableCollector.execute(ThrowableCollector.java:73)
	at org.junit.platform.engine.support.hierarchical.NodeTestTask.executeRecursively(NodeTestTask.java:138)
	at org.junit.platform.engine.support.hierarchical.NodeTestTask.execute(NodeTestTask.java:95)
	at java.base/java.util.ArrayList.forEach(ArrayList.java:1511)
	at org.junit.platform.engine.support.hierarchical.SameThreadHierarchicalTestExecutorService.invokeAll(SameThreadHierarchicalTestExecutorService.java:41)
	at org.junit.platform.engine.support.hierarchical.NodeTestTask.lambda$executeRecursively$6(NodeTestTask.java:155)
	at org.junit.platform.engine.support.hierarchical.ThrowableCollector.execute(ThrowableCollector.java:73)
	at org.junit.platform.engine.support.hierarchical.NodeTestTask.lambda$executeRecursively$8(NodeTestTask.java:141)
	at org.junit.platform.engine.support.hierarchical.Node.around(Node.java:137)
	at org.junit.platform.engine.support.hierarchical.NodeTestTask.lambda$executeRecursively$9(NodeTestTask.java:139)
	at org.junit.platform.engine.support.hierarchical.ThrowableCollector.execute(ThrowableCollector.java:73)
	at org.junit.platform.engine.support.hierarchical.NodeTestTask.executeRecursively(NodeTestTask.java:138)
	at org.junit.platform.engine.support.hierarchical.NodeTestTask.execute(NodeTestTask.java:95)
	at org.junit.platform.engine.support.hierarchical.SameThreadHierarchicalTestExecutorService.submit(SameThreadHierarchicalTestExecutorService.java:35)
	at org.junit.platform.engine.support.hierarchical.HierarchicalTestExecutor.execute(HierarchicalTestExecutor.java:57)
	at org.junit.platform.engine.support.hierarchical.HierarchicalTestEngine.execute(HierarchicalTestEngine.java:54)
	at org.junit.platform.launcher.core.EngineExecutionOrchestrator.execute(EngineExecutionOrchestrator.java:107)
	at org.junit.platform.launcher.core.EngineExecutionOrchestrator.execute(EngineExecutionOrchestrator.java:88)
	at org.junit.platform.launcher.core.EngineExecutionOrchestrator.lambda$execute$0(EngineExecutionOrchestrator.java:54)
	at org.junit.platform.launcher.core.EngineExecutionOrchestrator.withInterceptedStreams(EngineExecutionOrchestrator.java:67)
	at org.junit.platform.launcher.core.EngineExecutionOrchestrator.execute(EngineExecutionOrchestrator.java:52)
	at org.junit.platform.launcher.core.DefaultLauncher.execute(DefaultLauncher.java:114)
	at org.junit.platform.launcher.core.DefaultLauncher.execute(DefaultLauncher.java:86)
	at org.junit.platform.launcher.core.DefaultLauncherSession$DelegatingLauncher.execute(DefaultLauncherSession.java:86)
	at org.gradle.api.internal.tasks.testing.junitplatform.JUnitPlatformTestClassProcessor$CollectAllTestClassesExecutor.processAllTestClasses(JUnitPlatformTestClassProcessor.java:124)
	at org.gradle.api.internal.tasks.testing.junitplatform.JUnitPlatformTestClassProcessor$CollectAllTestClassesExecutor.access$000(JUnitPlatformTestClassProcessor.java:99)
	at org.gradle.api.internal.tasks.testing.junitplatform.JUnitPlatformTestClassProcessor.stop(JUnitPlatformTestClassProcessor.java:94)
	at org.gradle.api.internal.tasks.testing.SuiteTestClassProcessor.stop(SuiteTestClassProcessor.java:63)
	at java.base/jdk.internal.reflect.NativeMethodAccessorImpl.invoke0(Native Method)
	at java.base/jdk.internal.reflect.NativeMethodAccessorImpl.invoke(NativeMethodAccessorImpl.java:77)
	at java.base/jdk.internal.reflect.DelegatingMethodAccessorImpl.invoke(DelegatingMethodAccessorImpl.java:43)
	at java.base/java.lang.reflect.Method.invoke(Method.java:568)
	at org.gradle.internal.dispatch.ReflectionDispatch.dispatch(ReflectionDispatch.java:36)
	at org.gradle.internal.dispatch.ReflectionDispatch.dispatch(ReflectionDispatch.java:24)
	at org.gradle.internal.dispatch.ContextClassLoaderDispatch.dispatch(ContextClassLoaderDispatch.java:33)
	at org.gradle.internal.dispatch.ProxyDispatchAdapter$DispatchingInvocationHandler.invoke(ProxyDispatchAdapter.java:92)
	at jdk.proxy1/jdk.proxy1.$Proxy4.stop(Unknown Source)
	at org.gradle.api.internal.tasks.testing.worker.TestWorker$3.run(TestWorker.java:200)
	at org.gradle.api.internal.tasks.testing.worker.TestWorker.executeAndMaintainThreadName(TestWorker.java:132)
	at org.gradle.api.internal.tasks.testing.worker.TestWorker.execute(TestWorker.java:103)
	at org.gradle.api.internal.tasks.testing.worker.TestWorker.execute(TestWorker.java:63)
	at org.gradle.process.internal.worker.child.ActionExecutionWorker.execute(ActionExecutionWorker.java:56)
	at org.gradle.process.internal.worker.child.SystemApplicationClassLoaderWorker.call(SystemApplicationClassLoaderWorker.java:121)
	at org.gradle.process.internal.worker.child.SystemApplicationClassLoaderWorker.call(SystemApplicationClassLoaderWorker.java:71)
	at worker.org.gradle.process.internal.worker.GradleWorkerMain.run(GradleWorkerMain.java:69)
	at worker.org.gradle.process.internal.worker.GradleWorkerMain.main(GradleWorkerMain.java:74)
</failure>
  </testcase>
  <system-out><![CDATA[17:56:43.482 [Test worker] DEBUG org.testcontainers.utility.TestcontainersConfiguration -- Testcontainers configuration overrides will be loaded from file:/C:/Users/GH27243/.testcontainers.properties
17:56:43.507 [Test worker] INFO org.testcontainers.images.PullPolicy -- Image pull policy will be performed by: DefaultPullPolicy()
17:56:43.511 [Test worker] INFO org.testcontainers.utility.ImageNameSubstitutor -- Image name substitution will be performed by: DefaultImageNameSubstitutor (composite of 'ConfigurationFileImageNameSubstitutor' and 'PrefixingImageNameSubstitutor')
17:56:43.885 [Test worker] INFO org.testcontainers.dockerclient.DockerClientProviderStrategy -- Loaded org.testcontainers.dockerclient.NpipeSocketClientProviderStrategy from ~/.testcontainers.properties, will try it first
17:56:43.892 [Test worker] DEBUG org.testcontainers.dockerclient.DockerClientProviderStrategy -- Trying out strategy: NpipeSocketClientProviderStrategy
17:56:44.235 [Test worker] DEBUG org.testcontainers.shaded.com.github.dockerjava.core.command.AbstrDockerCmd -- Cmd: 
17:56:44.280 [Test worker] DEBUG com.github.dockerjava.zerodep.shaded.org.apache.hc.client5.http.impl.classic.InternalHttpClient -- ex-00000001: preparing request execution
17:56:44.286 [Test worker] DEBUG com.github.dockerjava.zerodep.shaded.org.apache.hc.client5.http.protocol.RequestAddCookies -- Cookie spec selected: strict
17:56:44.297 [Test worker] DEBUG com.github.dockerjava.zerodep.shaded.org.apache.hc.client5.http.protocol.RequestAuthCache -- Auth cache not set in the context
17:56:44.297 [Test worker] DEBUG com.github.dockerjava.zerodep.shaded.org.apache.hc.client5.http.impl.classic.ProtocolExec -- ex-00000001: target auth state: UNCHALLENGED
17:56:44.298 [Test worker] DEBUG com.github.dockerjava.zerodep.shaded.org.apache.hc.client5.http.impl.classic.ProtocolExec -- ex-00000001: proxy auth state: UNCHALLENGED
17:56:44.299 [Test worker] DEBUG com.github.dockerjava.zerodep.shaded.org.apache.hc.client5.http.impl.classic.ConnectExec -- ex-00000001: acquiring connection with route {}->npipe://localhost:2375
17:56:44.299 [Test worker] DEBUG com.github.dockerjava.zerodep.shaded.org.apache.hc.client5.http.impl.classic.InternalHttpClient -- ex-00000001: acquiring endpoint (3 MINUTES)
17:56:44.300 [Test worker] DEBUG com.github.dockerjava.zerodep.shaded.org.apache.hc.client5.http.impl.io.PoolingHttpClientConnectionManager -- ex-00000001: endpoint lease request (3 MINUTES) [route: {}->npipe://localhost:2375][total available: 0; route allocated: 0 of 2147483647; total allocated: 0 of 2147483647]
17:56:44.308 [Test worker] DEBUG com.github.dockerjava.zerodep.shaded.org.apache.hc.client5.http.impl.io.PoolingHttpClientConnectionManager -- ex-00000001: endpoint leased [route: {}->npipe://localhost:2375][total available: 0; route allocated: 1 of 2147483647; total allocated: 1 of 2147483647]
17:56:44.325 [Test worker] DEBUG com.github.dockerjava.zerodep.shaded.org.apache.hc.client5.http.impl.io.PoolingHttpClientConnectionManager -- ex-00000001: acquired ep-00000000
17:56:44.325 [Test worker] DEBUG com.github.dockerjava.zerodep.shaded.org.apache.hc.client5.http.impl.classic.InternalHttpClient -- ex-00000001: acquired endpoint ep-00000000
17:56:44.325 [Test worker] DEBUG com.github.dockerjava.zerodep.shaded.org.apache.hc.client5.http.impl.classic.ConnectExec -- ex-00000001: opening connection {}->npipe://localhost:2375
17:56:44.327 [Test worker] DEBUG com.github.dockerjava.zerodep.shaded.org.apache.hc.client5.http.impl.classic.InternalHttpClient -- ep-00000000: connecting endpoint (3 MINUTES)
17:56:44.327 [Test worker] DEBUG com.github.dockerjava.zerodep.shaded.org.apache.hc.client5.http.impl.io.PoolingHttpClientConnectionManager -- ep-00000000: connecting endpoint to npipe://localhost:2375 (3 MINUTES)
17:56:44.333 [Test worker] DEBUG com.github.dockerjava.zerodep.shaded.org.apache.hc.client5.http.impl.io.DefaultHttpClientConnectionOperator -- http-outgoing-0: connecting to localhost/127.0.0.1:2375
17:56:44.334 [Test worker] DEBUG com.github.dockerjava.zerodep.shaded.org.apache.hc.client5.http.impl.io.DefaultHttpClientConnectionOperator -- http-outgoing-0: connection established 
17:56:44.335 [Test worker] DEBUG com.github.dockerjava.zerodep.shaded.org.apache.hc.client5.http.impl.io.PoolingHttpClientConnectionManager -- ep-00000000: connected http-outgoing-0
17:56:44.335 [Test worker] DEBUG com.github.dockerjava.zerodep.shaded.org.apache.hc.client5.http.impl.classic.InternalHttpClient -- ep-00000000: endpoint connected
17:56:44.336 [Test worker] DEBUG com.github.dockerjava.zerodep.shaded.org.apache.hc.client5.http.impl.classic.MainClientExec -- ex-00000001: executing GET /v1.32/info HTTP/1.1
17:56:44.337 [Test worker] DEBUG com.github.dockerjava.zerodep.shaded.org.apache.hc.client5.http.impl.classic.InternalHttpClient -- ep-00000000: start execution ex-00000001
17:56:44.337 [Test worker] DEBUG com.github.dockerjava.zerodep.shaded.org.apache.hc.client5.http.impl.io.PoolingHttpClientConnectionManager -- ep-00000000: executing exchange ex-00000001 over http-outgoing-0
17:56:44.339 [Test worker] DEBUG com.github.dockerjava.zerodep.shaded.org.apache.hc.client5.http.headers -- http-outgoing-0 >> GET /v1.32/info HTTP/1.1
17:56:44.340 [Test worker] DEBUG com.github.dockerjava.zerodep.shaded.org.apache.hc.client5.http.headers -- http-outgoing-0 >> x-tc-sid: 6cd0fa27-c8f8-4bbe-9d90-bcb35ed7993b
17:56:44.340 [Test worker] DEBUG com.github.dockerjava.zerodep.shaded.org.apache.hc.client5.http.headers -- http-outgoing-0 >> User-Agent: tc-java/1.19.3
17:56:44.340 [Test worker] DEBUG com.github.dockerjava.zerodep.shaded.org.apache.hc.client5.http.headers -- http-outgoing-0 >> Accept-Encoding: gzip, x-gzip, deflate
17:56:44.340 [Test worker] DEBUG com.github.dockerjava.zerodep.shaded.org.apache.hc.client5.http.headers -- http-outgoing-0 >> Host: localhost:2375
17:56:44.340 [Test worker] DEBUG com.github.dockerjava.zerodep.shaded.org.apache.hc.client5.http.headers -- http-outgoing-0 >> Connection: keep-alive
17:56:44.340 [Test worker] DEBUG com.github.dockerjava.zerodep.shaded.org.apache.hc.client5.http.wire -- http-outgoing-0 >> "GET /v1.32/info HTTP/1.1[\r][\n]"
17:56:44.340 [Test worker] DEBUG com.github.dockerjava.zerodep.shaded.org.apache.hc.client5.http.wire -- http-outgoing-0 >> "x-tc-sid: 6cd0fa27-c8f8-4bbe-9d90-bcb35ed7993b[\r][\n]"
17:56:44.340 [Test worker] DEBUG com.github.dockerjava.zerodep.shaded.org.apache.hc.client5.http.wire -- http-outgoing-0 >> "User-Agent: tc-java/1.19.3[\r][\n]"
17:56:44.341 [Test worker] DEBUG com.github.dockerjava.zerodep.shaded.org.apache.hc.client5.http.wire -- http-outgoing-0 >> "Accept-Encoding: gzip, x-gzip, deflate[\r][\n]"
17:56:44.341 [Test worker] DEBUG com.github.dockerjava.zerodep.shaded.org.apache.hc.client5.http.wire -- http-outgoing-0 >> "Host: localhost:2375[\r][\n]"
17:56:44.341 [Test worker] DEBUG com.github.dockerjava.zerodep.shaded.org.apache.hc.client5.http.wire -- http-outgoing-0 >> "Connection: keep-alive[\r][\n]"
17:56:44.341 [Test worker] DEBUG com.github.dockerjava.zerodep.shaded.org.apache.hc.client5.http.wire -- http-outgoing-0 >> "[\r][\n]"
17:56:45.857 [Test worker] DEBUG com.github.dockerjava.zerodep.shaded.org.apache.hc.client5.http.wire -- http-outgoing-0 << "HTTP/1.1 200 OK[\r][\n]"
17:56:45.857 [Test worker] DEBUG com.github.dockerjava.zerodep.shaded.org.apache.hc.client5.http.wire -- http-outgoing-0 << "Api-Version: 1.47[\r][\n]"
17:56:45.857 [Test worker] DEBUG com.github.dockerjava.zerodep.shaded.org.apache.hc.client5.http.wire -- http-outgoing-0 << "Content-Type: application/json[\r][\n]"
17:56:45.857 [Test worker] DEBUG com.github.dockerjava.zerodep.shaded.org.apache.hc.client5.http.wire -- http-outgoing-0 << "Date: Mon, 06 Jan 2025 15:56:45 GMT[\r][\n]"
17:56:45.857 [Test worker] DEBUG com.github.dockerjava.zerodep.shaded.org.apache.hc.client5.http.wire -- http-outgoing-0 << "Docker-Experimental: false[\r][\n]"
17:56:45.858 [Test worker] DEBUG com.github.dockerjava.zerodep.shaded.org.apache.hc.client5.http.wire -- http-outgoing-0 << "Ostype: linux[\r][\n]"
17:56:45.858 [Test worker] DEBUG com.github.dockerjava.zerodep.shaded.org.apache.hc.client5.http.wire -- http-outgoing-0 << "Server: Docker/27.4.0 (linux)[\r][\n]"
17:56:45.858 [Test worker] DEBUG com.github.dockerjava.zerodep.shaded.org.apache.hc.client5.http.wire -- http-outgoing-0 << "Transfer-Encoding: chunked[\r][\n]"
17:56:45.858 [Test worker] DEBUG com.github.dockerjava.zerodep.shaded.org.apache.hc.client5.http.wire -- http-outgoing-0 << "[\r][\n]"
17:56:45.863 [Test worker] DEBUG com.github.dockerjava.zerodep.shaded.org.apache.hc.client5.http.headers -- http-outgoing-0 << HTTP/1.1 200 OK
17:56:45.863 [Test worker] DEBUG com.github.dockerjava.zerodep.shaded.org.apache.hc.client5.http.headers -- http-outgoing-0 << Api-Version: 1.47
17:56:45.863 [Test worker] DEBUG com.github.dockerjava.zerodep.shaded.org.apache.hc.client5.http.headers -- http-outgoing-0 << Content-Type: application/json
17:56:45.863 [Test worker] DEBUG com.github.dockerjava.zerodep.shaded.org.apache.hc.client5.http.headers -- http-outgoing-0 << Date: Mon, 06 Jan 2025 15:56:45 GMT
17:56:45.863 [Test worker] DEBUG com.github.dockerjava.zerodep.shaded.org.apache.hc.client5.http.headers -- http-outgoing-0 << Docker-Experimental: false
17:56:45.863 [Test worker] DEBUG com.github.dockerjava.zerodep.shaded.org.apache.hc.client5.http.headers -- http-outgoing-0 << Ostype: linux
17:56:45.863 [Test worker] DEBUG com.github.dockerjava.zerodep.shaded.org.apache.hc.client5.http.headers -- http-outgoing-0 << Server: Docker/27.4.0 (linux)
17:56:45.863 [Test worker] DEBUG com.github.dockerjava.zerodep.shaded.org.apache.hc.client5.http.headers -- http-outgoing-0 << Transfer-Encoding: chunked
17:56:45.872 [Test worker] DEBUG com.github.dockerjava.zerodep.shaded.org.apache.hc.client5.http.impl.classic.MainClientExec -- ex-00000001: connection can be kept alive for 3 MINUTES
17:56:45.878 [Test worker] DEBUG com.github.dockerjava.zerodep.shaded.org.apache.hc.client5.http.wire -- http-outgoing-0 << "b29[\r][\n]"
17:56:45.879 [Test worker] DEBUG com.github.dockerjava.zerodep.shaded.org.apache.hc.client5.http.wire -- http-outgoing-0 << "{"ID":"edcb9ab2-d5be-4e3e-89e7-9d654db1c41a","Containers":43,"ContainersRunning":39,"ContainersPaused":0,"ContainersStopped":4,"Images":33,"Driver":"overlay2","DriverStatus":[["Backing Filesystem","extfs"],["Supports d_type","true"],["Using metacopy","false"],["Native Overlay Diff","true"],["userxattr","false"]],"Plugins":{"Volume":["local"],"Network":["bridge","host","ipvlan","macvlan","null","overlay"],"Authorization":null,"Log":["awslogs","fluentd","gcplogs","gelf","journald","json-file","local","splunk","syslog"]},"MemoryLimit":true,"SwapLimit":true,"KernelMemory":true,"KernelMemoryTCP":true,"CpuCfsPeriod":true,"CpuCfsQuota":true,"CPUShares":true,"CPUSet":true,"PidsLimit":true,"IPv4Forwarding":true,"BridgeNfIptables":true,"BridgeNfIp6tables":true,"Debug":false,"NFd":242,"OomKillDisable":true,"NGoroutines":277,"SystemTime":"2025-01-06T15:56:44.34748041Z","LoggingDriver":"json-file","CgroupDriver":"cgroupfs","CgroupVersion":"1","NEventsListener":24,"KernelVersion":"5.15.167.4-microsoft-standard-WSL2","OperatingSystem":"Docker Desktop","OSVersion":"","OSType":"linux","Architecture":"x86_64","IndexServerAddress":"https://index.docker.io/v1/","RegistryConfig":{"AllowNondistributableArtifactsCIDRs":null,"AllowNondistributableArtifactsHostnames":null,"InsecureRegistryCIDRs":["127.0.0.0/8"],"IndexConfigs":{"docker.io":{"Name":"docker.io","Mirrors":[],"Secure":true,"Official":true},"hubproxy.docker.internal:5555":{"Name":"hubproxy.docker.internal:5555","Mirrors":[],"Secure":false,"Official":false}},"Mirrors":null},"NCPU":16,"MemTotal":7963234304,"GenericResources":null,"DockerRootDir":"/var/lib/docker","HttpProxy":"http.docker.internal:3128","HttpsProxy":"http.docker.internal:3128","NoProxy":"hubproxy.docker.internal","Name":"docker-desktop","Labels":["com.docker.desktop.address=npipe://\\\\.\\pipe\\docker_cli"],"ExperimentalBuild":false,"ServerVersion":"27.4.0","Runtimes":{"io.containerd.runc.v2":{"path":"runc"},"nvidia":{"path":"nvidia-container-runtime"},"runc":{"path":"runc"}},"DefaultRuntime":"runc","Swarm":{"NodeID":"","NodeAddr":"","LocalNodeState":"inactive","ControlAvailable":false,"Error":"","RemoteManagers":null},"LiveRestoreEnabled":false,"Isolation":"","InitBinary":"docker-init","ContainerdCommit":{"ID":"472731909fa34bd7bc9c087e4c27943f9835f111","Expected":"472731909fa34bd7bc9c087e4c27943f9835f111"},"RuncCommit":{"ID":"v1.1.13-0-g58aa920","Expected":"v1.1.13-0-g58aa920"},"InitCommit":{"ID":"de40ad0","Expected":"de40ad0"},"SecurityOptions":["name=seccomp,profile=unconfined"],"CDISpecDirs":["/etc/cdi","/var/run/cdi"],"Warnings":["WARNING: No blkio throttle.read_bps_device support","WARNING: No blkio throttle.write_bps_device support","WARNING: No blkio throttle.read_iops_device support","WARNING: No blkio throttle.write_iops_device support","WARNING: daemon is not using the default seccomp profile"]}[\r][\n]"
17:56:45.879 [Test worker] DEBUG com.github.dockerjava.zerodep.shaded.org.apache.hc.client5.http.wire -- http-outgoing-0 << "0[\r][\n]"
17:56:45.879 [Test worker] DEBUG com.github.dockerjava.zerodep.shaded.org.apache.hc.client5.http.wire -- http-outgoing-0 << "[\r][\n]"
17:56:45.981 [Test worker] DEBUG com.github.dockerjava.zerodep.shaded.org.apache.hc.client5.http.impl.classic.InternalHttpClient -- ep-00000000: releasing valid endpoint
17:56:45.981 [Test worker] DEBUG com.github.dockerjava.zerodep.shaded.org.apache.hc.client5.http.impl.io.PoolingHttpClientConnectionManager -- ep-00000000: releasing endpoint
17:56:45.981 [Test worker] DEBUG com.github.dockerjava.zerodep.shaded.org.apache.hc.client5.http.impl.io.PoolingHttpClientConnectionManager -- ep-00000000: connection http-outgoing-0 can be kept alive for 3 MINUTES
17:56:45.981 [Test worker] DEBUG com.github.dockerjava.zerodep.shaded.org.apache.hc.client5.http.impl.io.PoolingHttpClientConnectionManager -- ep-00000000: connection released [route: {}->npipe://localhost:2375][total available: 1; route allocated: 1 of 2147483647; total allocated: 1 of 2147483647]
17:56:45.982 [Test worker] INFO org.testcontainers.dockerclient.DockerClientProviderStrategy -- Found Docker environment with local Npipe socket (npipe:////./pipe/docker_engine)
17:56:45.982 [Test worker] DEBUG org.testcontainers.dockerclient.DockerClientProviderStrategy -- Transport type: 'httpclient5', Docker host: 'npipe:////./pipe/docker_engine'
17:56:45.982 [Test worker] DEBUG org.testcontainers.dockerclient.DockerClientProviderStrategy -- Checking Docker OS type for local Npipe socket (npipe:////./pipe/docker_engine)
17:56:45.984 [Test worker] INFO org.testcontainers.DockerClientFactory -- Docker host IP address is localhost
17:56:45.984 [Test worker] DEBUG org.testcontainers.DockerClientFactory -- Docker info: {CDISpecDirs=[/etc/cdi, /var/run/cdi], NGoroutines=277, Name=docker-desktop, Swarm={NodeID=, NodeAddr=, LocalNodeState=inactive, ControlAvailable=false, Error=, RemoteManagers=null}, RuncCommit={ID=v1.1.13-0-g58aa920, Expected=v1.1.13-0-g58aa920}, OSVersion=, Runtimes={io.containerd.runc.v2={path=runc}, nvidia={path=nvidia-container-runtime}, runc={path=runc}}, ID=edcb9ab2-d5be-4e3e-89e7-9d654db1c41a, DriverStatus=[[Backing Filesystem, extfs], [Supports d_type, true], [Using metacopy, false], [Native Overlay Diff, true], [userxattr, false]], BridgeNfIptables=true, LiveRestoreEnabled=false, SystemTime=2025-01-06T15:56:44.34748041Z, NoProxy=hubproxy.docker.internal, Architecture=x86_64, NEventsListener=24, HttpsProxy=http.docker.internal:3128, Images=33, ContainersRunning=39, Labels=[com.docker.desktop.address=npipe://\\.\pipe\docker_cli], InitCommit={ID=de40ad0, Expected=de40ad0}, NFd=242, KernelVersion=5.15.167.4-microsoft-standard-WSL2, LoggingDriver=json-file, OSType=linux, SecurityOptions=[name=seccomp,profile=unconfined], ContainerdCommit={ID=472731909fa34bd7bc9c087e4c27943f9835f111, Expected=472731909fa34bd7bc9c087e4c27943f9835f111}, GenericResources=null, KernelMemory=true, OperatingSystem=Docker Desktop, RegistryConfig={AllowNondistributableArtifactsCIDRs=null, AllowNondistributableArtifactsHostnames=null, InsecureRegistryCIDRs=[127.0.0.0/8], IndexConfigs={docker.io={Name=docker.io, Mirrors=[], Secure=true, Official=true}, hubproxy.docker.internal:5555={Name=hubproxy.docker.internal:5555, Mirrors=[], Secure=false, Official=false}}, Mirrors=null}, ServerVersion=27.4.0, OomKillDisable=true, CpuCfsQuota=true, Containers=43, Driver=overlay2, KernelMemoryTCP=true, IPv4Forwarding=true, ExperimentalBuild=false, DockerRootDir=/var/lib/docker, CPUSet=true, CpuCfsPeriod=true, DefaultRuntime=runc, CPUShares=true, Debug=false, NCPU=16, Plugins={Volume=[local], Network=[bridge, host, ipvlan, macvlan, null, overlay], Authorization=null, Log=[awslogs, fluentd, gcplogs, gelf, journald, json-file, local, splunk, syslog]}, SwapLimit=true, CgroupDriver=cgroupfs, ContainersPaused=0, MemTotal=7963234304, IndexServerAddress=https://index.docker.io/v1/, MemoryLimit=true, HttpProxy=http.docker.internal:3128, InitBinary=docker-init, CgroupVersion=1, PidsLimit=true, Isolation=, BridgeNfIp6tables=true, Warnings=[WARNING: No blkio throttle.read_bps_device support, WARNING: No blkio throttle.write_bps_device support, WARNING: No blkio throttle.read_iops_device support, WARNING: No blkio throttle.write_iops_device support, WARNING: daemon is not using the default seccomp profile], ContainersStopped=4}
17:56:45.987 [Test worker] DEBUG org.testcontainers.shaded.com.github.dockerjava.core.command.AbstrDockerCmd -- Cmd: 
17:56:45.988 [Test worker] DEBUG com.github.dockerjava.zerodep.shaded.org.apache.hc.client5.http.impl.classic.InternalHttpClient -- ex-00000002: preparing request execution
17:56:45.989 [Test worker] DEBUG com.github.dockerjava.zerodep.shaded.org.apache.hc.client5.http.protocol.RequestAddCookies -- Cookie spec selected: strict
17:56:45.989 [Test worker] DEBUG com.github.dockerjava.zerodep.shaded.org.apache.hc.client5.http.protocol.RequestAuthCache -- Auth cache not set in the context
17:56:45.989 [Test worker] DEBUG com.github.dockerjava.zerodep.shaded.org.apache.hc.client5.http.impl.classic.ProtocolExec -- ex-00000002: target auth state: UNCHALLENGED
17:56:45.989 [Test worker] DEBUG com.github.dockerjava.zerodep.shaded.org.apache.hc.client5.http.impl.classic.ProtocolExec -- ex-00000002: proxy auth state: UNCHALLENGED
17:56:45.989 [Test worker] DEBUG com.github.dockerjava.zerodep.shaded.org.apache.hc.client5.http.impl.classic.ConnectExec -- ex-00000002: acquiring connection with route {}->npipe://localhost:2375
17:56:45.989 [Test worker] DEBUG com.github.dockerjava.zerodep.shaded.org.apache.hc.client5.http.impl.classic.InternalHttpClient -- ex-00000002: acquiring endpoint (3 MINUTES)
17:56:45.989 [Test worker] DEBUG com.github.dockerjava.zerodep.shaded.org.apache.hc.client5.http.impl.io.PoolingHttpClientConnectionManager -- ex-00000002: endpoint lease request (3 MINUTES) [route: {}->npipe://localhost:2375][total available: 1; route allocated: 1 of 2147483647; total allocated: 1 of 2147483647]
17:56:45.989 [Test worker] DEBUG com.github.dockerjava.zerodep.shaded.org.apache.hc.client5.http.impl.io.PoolingHttpClientConnectionManager -- ex-00000002: endpoint leased [route: {}->npipe://localhost:2375][total available: 0; route allocated: 1 of 2147483647; total allocated: 1 of 2147483647]
17:56:45.989 [Test worker] DEBUG com.github.dockerjava.zerodep.shaded.org.apache.hc.client5.http.impl.io.PoolingHttpClientConnectionManager -- ex-00000002: acquired ep-00000001
17:56:45.989 [Test worker] DEBUG com.github.dockerjava.zerodep.shaded.org.apache.hc.client5.http.impl.classic.InternalHttpClient -- ex-00000002: acquired endpoint ep-00000001
17:56:45.989 [Test worker] DEBUG com.github.dockerjava.zerodep.shaded.org.apache.hc.client5.http.impl.classic.MainClientExec -- ex-00000002: executing GET /v1.32/version HTTP/1.1
17:56:45.990 [Test worker] DEBUG com.github.dockerjava.zerodep.shaded.org.apache.hc.client5.http.impl.classic.InternalHttpClient -- ep-00000001: start execution ex-00000002
17:56:45.990 [Test worker] DEBUG com.github.dockerjava.zerodep.shaded.org.apache.hc.client5.http.impl.io.PoolingHttpClientConnectionManager -- ep-00000001: executing exchange ex-00000002 over http-outgoing-0
17:56:45.990 [Test worker] DEBUG com.github.dockerjava.zerodep.shaded.org.apache.hc.client5.http.headers -- http-outgoing-0 >> GET /v1.32/version HTTP/1.1
17:56:45.990 [Test worker] DEBUG com.github.dockerjava.zerodep.shaded.org.apache.hc.client5.http.headers -- http-outgoing-0 >> accept: application/json
17:56:45.990 [Test worker] DEBUG com.github.dockerjava.zerodep.shaded.org.apache.hc.client5.http.headers -- http-outgoing-0 >> x-tc-sid: 6cd0fa27-c8f8-4bbe-9d90-bcb35ed7993b
17:56:45.990 [Test worker] DEBUG com.github.dockerjava.zerodep.shaded.org.apache.hc.client5.http.headers -- http-outgoing-0 >> User-Agent: tc-java/1.19.3
17:56:45.990 [Test worker] DEBUG com.github.dockerjava.zerodep.shaded.org.apache.hc.client5.http.headers -- http-outgoing-0 >> Accept-Encoding: gzip, x-gzip, deflate
17:56:45.990 [Test worker] DEBUG com.github.dockerjava.zerodep.shaded.org.apache.hc.client5.http.headers -- http-outgoing-0 >> Host: localhost:2375
17:56:45.990 [Test worker] DEBUG com.github.dockerjava.zerodep.shaded.org.apache.hc.client5.http.headers -- http-outgoing-0 >> Connection: keep-alive
17:56:45.990 [Test worker] DEBUG com.github.dockerjava.zerodep.shaded.org.apache.hc.client5.http.wire -- http-outgoing-0 >> "GET /v1.32/version HTTP/1.1[\r][\n]"
17:56:45.990 [Test worker] DEBUG com.github.dockerjava.zerodep.shaded.org.apache.hc.client5.http.wire -- http-outgoing-0 >> "accept: application/json[\r][\n]"
17:56:45.990 [Test worker] DEBUG com.github.dockerjava.zerodep.shaded.org.apache.hc.client5.http.wire -- http-outgoing-0 >> "x-tc-sid: 6cd0fa27-c8f8-4bbe-9d90-bcb35ed7993b[\r][\n]"
17:56:45.990 [Test worker] DEBUG com.github.dockerjava.zerodep.shaded.org.apache.hc.client5.http.wire -- http-outgoing-0 >> "User-Agent: tc-java/1.19.3[\r][\n]"
17:56:45.990 [Test worker] DEBUG com.github.dockerjava.zerodep.shaded.org.apache.hc.client5.http.wire -- http-outgoing-0 >> "Accept-Encoding: gzip, x-gzip, deflate[\r][\n]"
17:56:45.990 [Test worker] DEBUG com.github.dockerjava.zerodep.shaded.org.apache.hc.client5.http.wire -- http-outgoing-0 >> "Host: localhost:2375[\r][\n]"
17:56:45.990 [Test worker] DEBUG com.github.dockerjava.zerodep.shaded.org.apache.hc.client5.http.wire -- http-outgoing-0 >> "Connection: keep-alive[\r][\n]"
17:56:45.990 [Test worker] DEBUG com.github.dockerjava.zerodep.shaded.org.apache.hc.client5.http.wire -- http-outgoing-0 >> "[\r][\n]"
17:56:46.002 [Test worker] DEBUG com.github.dockerjava.zerodep.shaded.org.apache.hc.client5.http.wire -- http-outgoing-0 << "HTTP/1.1 200 OK[\r][\n]"
17:56:46.002 [Test worker] DEBUG com.github.dockerjava.zerodep.shaded.org.apache.hc.client5.http.wire -- http-outgoing-0 << "Api-Version: 1.47[\r][\n]"
17:56:46.002 [Test worker] DEBUG com.github.dockerjava.zerodep.shaded.org.apache.hc.client5.http.wire -- http-outgoing-0 << "Content-Type: application/json[\r][\n]"
17:56:46.002 [Test worker] DEBUG com.github.dockerjava.zerodep.shaded.org.apache.hc.client5.http.wire -- http-outgoing-0 << "Date: Mon, 06 Jan 2025 15:56:46 GMT[\r][\n]"
17:56:46.002 [Test worker] DEBUG com.github.dockerjava.zerodep.shaded.org.apache.hc.client5.http.wire -- http-outgoing-0 << "Docker-Experimental: false[\r][\n]"
17:56:46.002 [Test worker] DEBUG com.github.dockerjava.zerodep.shaded.org.apache.hc.client5.http.wire -- http-outgoing-0 << "Ostype: linux[\r][\n]"
17:56:46.002 [Test worker] DEBUG com.github.dockerjava.zerodep.shaded.org.apache.hc.client5.http.wire -- http-outgoing-0 << "Server: Docker/27.4.0 (linux)[\r][\n]"
17:56:46.002 [Test worker] DEBUG com.github.dockerjava.zerodep.shaded.org.apache.hc.client5.http.wire -- http-outgoing-0 << "Transfer-Encoding: chunked[\r][\n]"
17:56:46.002 [Test worker] DEBUG com.github.dockerjava.zerodep.shaded.org.apache.hc.client5.http.wire -- http-outgoing-0 << "[\r][\n]"
17:56:46.003 [Test worker] DEBUG com.github.dockerjava.zerodep.shaded.org.apache.hc.client5.http.headers -- http-outgoing-0 << HTTP/1.1 200 OK
17:56:46.003 [Test worker] DEBUG com.github.dockerjava.zerodep.shaded.org.apache.hc.client5.http.headers -- http-outgoing-0 << Api-Version: 1.47
17:56:46.003 [Test worker] DEBUG com.github.dockerjava.zerodep.shaded.org.apache.hc.client5.http.headers -- http-outgoing-0 << Content-Type: application/json
17:56:46.003 [Test worker] DEBUG com.github.dockerjava.zerodep.shaded.org.apache.hc.client5.http.headers -- http-outgoing-0 << Date: Mon, 06 Jan 2025 15:56:46 GMT
17:56:46.003 [Test worker] DEBUG com.github.dockerjava.zerodep.shaded.org.apache.hc.client5.http.headers -- http-outgoing-0 << Docker-Experimental: false
17:56:46.003 [Test worker] DEBUG com.github.dockerjava.zerodep.shaded.org.apache.hc.client5.http.headers -- http-outgoing-0 << Ostype: linux
17:56:46.003 [Test worker] DEBUG com.github.dockerjava.zerodep.shaded.org.apache.hc.client5.http.headers -- http-outgoing-0 << Server: Docker/27.4.0 (linux)
17:56:46.003 [Test worker] DEBUG com.github.dockerjava.zerodep.shaded.org.apache.hc.client5.http.headers -- http-outgoing-0 << Transfer-Encoding: chunked
17:56:46.004 [Test worker] DEBUG com.github.dockerjava.zerodep.shaded.org.apache.hc.client5.http.impl.classic.MainClientExec -- ex-00000002: connection can be kept alive for 3 MINUTES
17:56:46.005 [Test worker] DEBUG com.github.dockerjava.zerodep.shaded.org.apache.hc.client5.http.wire -- http-outgoing-0 << "361[\r][\n]"
17:56:46.005 [Test worker] DEBUG com.github.dockerjava.zerodep.shaded.org.apache.hc.client5.http.wire -- http-outgoing-0 << "{"Platform":{"Name":"Docker Desktop 4.37.1 (178610)"},"Components":[{"Name":"Engine","Version":"27.4.0","Details":{"ApiVersion":"1.47","Arch":"amd64","BuildTime":"2024-12-07T10:38:57.000000000+00:00","Experimental":"false","GitCommit":"92a8393","GoVersion":"go1.22.10","KernelVersion":"5.15.167.4-microsoft-standard-WSL2","MinAPIVersion":"1.24","Os":"linux"}},{"Name":"containerd","Version":"1.7.21","Details":{"GitCommit":"472731909fa34bd7bc9c087e4c27943f9835f111"}},{"Name":"runc","Version":"1.1.13","Details":{"GitCommit":"v1.1.13-0-g58aa920"}},{"Name":"docker-init","Version":"0.19.0","Details":{"GitCommit":"de40ad0"}}],"Version":"27.4.0","ApiVersion":"1.47","MinAPIVersion":"1.24","GitCommit":"92a8393","GoVersion":"go1.22.10","Os":"linux","Arch":"amd64","KernelVersion":"5.15.167.4-microsoft-standard-WSL2","BuildTime":"2024-12-07T10:38:57.000000000+00:00"}[\n]"
17:56:46.005 [Test worker] DEBUG com.github.dockerjava.zerodep.shaded.org.apache.hc.client5.http.wire -- http-outgoing-0 << "[\r][\n]"
17:56:46.020 [Test worker] DEBUG com.github.dockerjava.zerodep.shaded.org.apache.hc.client5.http.wire -- http-outgoing-0 << "0[\r][\n]"
17:56:46.020 [Test worker] DEBUG com.github.dockerjava.zerodep.shaded.org.apache.hc.client5.http.wire -- http-outgoing-0 << "[\r][\n]"
17:56:46.020 [Test worker] DEBUG com.github.dockerjava.zerodep.shaded.org.apache.hc.client5.http.impl.classic.InternalHttpClient -- ep-00000001: releasing valid endpoint
17:56:46.020 [Test worker] DEBUG com.github.dockerjava.zerodep.shaded.org.apache.hc.client5.http.impl.io.PoolingHttpClientConnectionManager -- ep-00000001: releasing endpoint
17:56:46.020 [Test worker] DEBUG com.github.dockerjava.zerodep.shaded.org.apache.hc.client5.http.impl.io.PoolingHttpClientConnectionManager -- ep-00000001: connection http-outgoing-0 can be kept alive for 3 MINUTES
17:56:46.020 [Test worker] DEBUG com.github.dockerjava.zerodep.shaded.org.apache.hc.client5.http.impl.io.PoolingHttpClientConnectionManager -- ep-00000001: connection released [route: {}->npipe://localhost:2375][total available: 1; route allocated: 1 of 2147483647; total allocated: 1 of 2147483647]
17:56:46.020 [Test worker] DEBUG org.testcontainers.DockerClientFactory -- Docker version: {Components=[{Name=Engine, Version=27.4.0, Details={ApiVersion=1.47, Arch=amd64, BuildTime=2024-12-07T10:38:57.000000000+00:00, Experimental=false, GitCommit=92a8393, GoVersion=go1.22.10, KernelVersion=5.15.167.4-microsoft-standard-WSL2, MinAPIVersion=1.24, Os=linux}}, {Name=containerd, Version=1.7.21, Details={GitCommit=472731909fa34bd7bc9c087e4c27943f9835f111}}, {Name=runc, Version=1.1.13, Details={GitCommit=v1.1.13-0-g58aa920}}, {Name=docker-init, Version=0.19.0, Details={GitCommit=de40ad0}}], KernelVersion=5.15.167.4-microsoft-standard-WSL2, ApiVersion=1.47, Platform={Name=Docker Desktop 4.37.1 (178610)}, GitCommit=92a8393, Os=linux, Version=27.4.0, MinAPIVersion=1.24, Arch=amd64, GoVersion=go1.22.10, BuildTime=2024-12-07T10:38:57.000000000+00:00}
17:56:46.020 [Test worker] INFO org.testcontainers.DockerClientFactory -- Connected to docker: 
  Server Version: 27.4.0
  API Version: 1.47
  Operating System: Docker Desktop
  Total Memory: 7594 MB
17:56:46.030 [Test worker] DEBUG org.testcontainers.utility.RyukResourceReaper -- Ryuk is enabled
17:56:46.033 [Test worker] DEBUG org.testcontainers.utility.PrefixingImageNameSubstitutor -- No prefix is configured
17:56:46.033 [Test worker] DEBUG org.testcontainers.utility.ImageNameSubstitutor -- Did not find a substitute image for testcontainers/ryuk:0.5.1 (using image substitutor: DefaultImageNameSubstitutor (composite of 'ConfigurationFileImageNameSubstitutor' and 'PrefixingImageNameSubstitutor'))
17:56:46.035 [Test worker] DEBUG org.testcontainers.shaded.com.github.dockerjava.core.command.AbstrDockerCmd -- Cmd: ListImagesCmdImpl[filters=org.testcontainers.shaded.com.github.dockerjava.core.util.FiltersBuilder@0,imageNameFilter=<null>,showAll=false]
17:56:46.039 [Test worker] DEBUG com.github.dockerjava.zerodep.shaded.org.apache.hc.client5.http.impl.classic.InternalHttpClient -- ex-00000003: preparing request execution
17:56:46.039 [Test worker] DEBUG com.github.dockerjava.zerodep.shaded.org.apache.hc.client5.http.protocol.RequestAddCookies -- Cookie spec selected: strict
17:56:46.039 [Test worker] DEBUG com.github.dockerjava.zerodep.shaded.org.apache.hc.client5.http.protocol.RequestAuthCache -- Auth cache not set in the context
17:56:46.039 [Test worker] DEBUG com.github.dockerjava.zerodep.shaded.org.apache.hc.client5.http.impl.classic.ProtocolExec -- ex-00000003: target auth state: UNCHALLENGED
17:56:46.039 [Test worker] DEBUG com.github.dockerjava.zerodep.shaded.org.apache.hc.client5.http.impl.classic.ProtocolExec -- ex-00000003: proxy auth state: UNCHALLENGED
17:56:46.040 [Test worker] DEBUG com.github.dockerjava.zerodep.shaded.org.apache.hc.client5.http.impl.classic.ConnectExec -- ex-00000003: acquiring connection with route {}->npipe://localhost:2375
17:56:46.040 [Test worker] DEBUG com.github.dockerjava.zerodep.shaded.org.apache.hc.client5.http.impl.classic.InternalHttpClient -- ex-00000003: acquiring endpoint (3 MINUTES)
17:56:46.040 [Test worker] DEBUG com.github.dockerjava.zerodep.shaded.org.apache.hc.client5.http.impl.io.PoolingHttpClientConnectionManager -- ex-00000003: endpoint lease request (3 MINUTES) [route: {}->npipe://localhost:2375][total available: 1; route allocated: 1 of 2147483647; total allocated: 1 of 2147483647]
17:56:46.040 [Test worker] DEBUG com.github.dockerjava.zerodep.shaded.org.apache.hc.client5.http.impl.io.PoolingHttpClientConnectionManager -- ex-00000003: endpoint leased [route: {}->npipe://localhost:2375][total available: 0; route allocated: 1 of 2147483647; total allocated: 1 of 2147483647]
17:56:46.040 [Test worker] DEBUG com.github.dockerjava.zerodep.shaded.org.apache.hc.client5.http.impl.io.PoolingHttpClientConnectionManager -- ex-00000003: acquired ep-00000002
17:56:46.040 [Test worker] DEBUG com.github.dockerjava.zerodep.shaded.org.apache.hc.client5.http.impl.classic.InternalHttpClient -- ex-00000003: acquired endpoint ep-00000002
17:56:46.040 [Test worker] DEBUG com.github.dockerjava.zerodep.shaded.org.apache.hc.client5.http.impl.classic.MainClientExec -- ex-00000003: executing GET /v1.32/images/json HTTP/1.1
17:56:46.040 [Test worker] DEBUG com.github.dockerjava.zerodep.shaded.org.apache.hc.client5.http.impl.classic.InternalHttpClient -- ep-00000002: start execution ex-00000003
17:56:46.040 [Test worker] DEBUG com.github.dockerjava.zerodep.shaded.org.apache.hc.client5.http.impl.io.PoolingHttpClientConnectionManager -- ep-00000002: executing exchange ex-00000003 over http-outgoing-0
17:56:46.040 [Test worker] DEBUG com.github.dockerjava.zerodep.shaded.org.apache.hc.client5.http.headers -- http-outgoing-0 >> GET /v1.32/images/json HTTP/1.1
17:56:46.040 [Test worker] DEBUG com.github.dockerjava.zerodep.shaded.org.apache.hc.client5.http.headers -- http-outgoing-0 >> accept: application/json
17:56:46.040 [Test worker] DEBUG com.github.dockerjava.zerodep.shaded.org.apache.hc.client5.http.headers -- http-outgoing-0 >> x-tc-sid: 6cd0fa27-c8f8-4bbe-9d90-bcb35ed7993b
17:56:46.040 [Test worker] DEBUG com.github.dockerjava.zerodep.shaded.org.apache.hc.client5.http.headers -- http-outgoing-0 >> User-Agent: tc-java/1.19.3
17:56:46.040 [Test worker] DEBUG com.github.dockerjava.zerodep.shaded.org.apache.hc.client5.http.headers -- http-outgoing-0 >> Accept-Encoding: gzip, x-gzip, deflate
17:56:46.040 [Test worker] DEBUG com.github.dockerjava.zerodep.shaded.org.apache.hc.client5.http.headers -- http-outgoing-0 >> Host: localhost:2375
17:56:46.040 [Test worker] DEBUG com.github.dockerjava.zerodep.shaded.org.apache.hc.client5.http.headers -- http-outgoing-0 >> Connection: keep-alive
17:56:46.040 [Test worker] DEBUG com.github.dockerjava.zerodep.shaded.org.apache.hc.client5.http.wire -- http-outgoing-0 >> "GET /v1.32/images/json HTTP/1.1[\r][\n]"
17:56:46.040 [Test worker] DEBUG com.github.dockerjava.zerodep.shaded.org.apache.hc.client5.http.wire -- http-outgoing-0 >> "accept: application/json[\r][\n]"
17:56:46.040 [Test worker] DEBUG com.github.dockerjava.zerodep.shaded.org.apache.hc.client5.http.wire -- http-outgoing-0 >> "x-tc-sid: 6cd0fa27-c8f8-4bbe-9d90-bcb35ed7993b[\r][\n]"
17:56:46.040 [Test worker] DEBUG com.github.dockerjava.zerodep.shaded.org.apache.hc.client5.http.wire -- http-outgoing-0 >> "User-Agent: tc-java/1.19.3[\r][\n]"
17:56:46.040 [Test worker] DEBUG com.github.dockerjava.zerodep.shaded.org.apache.hc.client5.http.wire -- http-outgoing-0 >> "Accept-Encoding: gzip, x-gzip, deflate[\r][\n]"
17:56:46.040 [Test worker] DEBUG com.github.dockerjava.zerodep.shaded.org.apache.hc.client5.http.wire -- http-outgoing-0 >> "Host: localhost:2375[\r][\n]"
17:56:46.041 [Test worker] DEBUG com.github.dockerjava.zerodep.shaded.org.apache.hc.client5.http.wire -- http-outgoing-0 >> "Connection: keep-alive[\r][\n]"
17:56:46.041 [Test worker] DEBUG com.github.dockerjava.zerodep.shaded.org.apache.hc.client5.http.wire -- http-outgoing-0 >> "[\r][\n]"
17:56:46.049 [Test worker] DEBUG com.github.dockerjava.zerodep.shaded.org.apache.hc.client5.http.wire -- http-outgoing-0 << "HTTP/1.1 200 OK[\r][\n]"
17:56:46.049 [Test worker] DEBUG com.github.dockerjava.zerodep.shaded.org.apache.hc.client5.http.wire -- http-outgoing-0 << "Api-Version: 1.47[\r][\n]"
17:56:46.049 [Test worker] DEBUG com.github.dockerjava.zerodep.shaded.org.apache.hc.client5.http.wire -- http-outgoing-0 << "Content-Type: application/json[\r][\n]"
17:56:46.049 [Test worker] DEBUG com.github.dockerjava.zerodep.shaded.org.apache.hc.client5.http.wire -- http-outgoing-0 << "Date: Mon, 06 Jan 2025 15:56:46 GMT[\r][\n]"
17:56:46.049 [Test worker] DEBUG com.github.dockerjava.zerodep.shaded.org.apache.hc.client5.http.wire -- http-outgoing-0 << "Docker-Experimental: false[\r][\n]"
17:56:46.049 [Test worker] DEBUG com.github.dockerjava.zerodep.shaded.org.apache.hc.client5.http.wire -- http-outgoing-0 << "Ostype: linux[\r][\n]"
17:56:46.049 [Test worker] DEBUG com.github.dockerjava.zerodep.shaded.org.apache.hc.client5.http.wire -- http-outgoing-0 << "Server: Docker/27.4.0 (linux)[\r][\n]"
17:56:46.049 [Test worker] DEBUG com.github.dockerjava.zerodep.shaded.org.apache.hc.client5.http.wire -- http-outgoing-0 << "Transfer-Encoding: chunked[\r][\n]"
17:56:46.049 [Test worker] DEBUG com.github.dockerjava.zerodep.shaded.org.apache.hc.client5.http.wire -- http-outgoing-0 << "[\r][\n]"
17:56:46.049 [Test worker] DEBUG com.github.dockerjava.zerodep.shaded.org.apache.hc.client5.http.headers -- http-outgoing-0 << HTTP/1.1 200 OK
17:56:46.050 [Test worker] DEBUG com.github.dockerjava.zerodep.shaded.org.apache.hc.client5.http.headers -- http-outgoing-0 << Api-Version: 1.47
17:56:46.050 [Test worker] DEBUG com.github.dockerjava.zerodep.shaded.org.apache.hc.client5.http.headers -- http-outgoing-0 << Content-Type: application/json
17:56:46.050 [Test worker] DEBUG com.github.dockerjava.zerodep.shaded.org.apache.hc.client5.http.headers -- http-outgoing-0 << Date: Mon, 06 Jan 2025 15:56:46 GMT
17:56:46.050 [Test worker] DEBUG com.github.dockerjava.zerodep.shaded.org.apache.hc.client5.http.headers -- http-outgoing-0 << Docker-Experimental: false
17:56:46.050 [Test worker] DEBUG com.github.dockerjava.zerodep.shaded.org.apache.hc.client5.http.headers -- http-outgoing-0 << Ostype: linux
17:56:46.050 [Test worker] DEBUG com.github.dockerjava.zerodep.shaded.org.apache.hc.client5.http.headers -- http-outgoing-0 << Server: Docker/27.4.0 (linux)
17:56:46.050 [Test worker] DEBUG com.github.dockerjava.zerodep.shaded.org.apache.hc.client5.http.headers -- http-outgoing-0 << Transfer-Encoding: chunked
17:56:46.050 [Test worker] DEBUG com.github.dockerjava.zerodep.shaded.org.apache.hc.client5.http.impl.classic.MainClientExec -- ex-00000003: connection can be kept alive for 3 MINUTES
17:56:46.050 [Test worker] DEBUG com.github.dockerjava.zerodep.shaded.org.apache.hc.client5.http.wire -- http-outgoing-0 << "4d6b[\r][\n]"
17:56:46.051 [Test worker] DEBUG com.github.dockerjava.zerodep.shaded.org.apache.hc.client5.http.wire -- http-outgoing-0 << "[{"Containers":-1,"Created":1731489076,"Id":"sha256:d477c76375c618715c9331c5f048b9143903644925f3bfd70f333e187da1d1b5","Labels":{"com.vmware.cp.artifact.flavor":"sha256:c50c90cfd9d12b445b011e6ad529f1ad3daea45c26d20b00732fae3cd71f6a83","org.opencontainers.image.base.name":"docker.io/bitnami/minideb:bookworm","org.opencontainers.image.created":"2024-11-13T09:07:55Z","org.opencontainers.image.description":"Application packaged by Broadcom, Inc.","org.opencontainers.image.documentation":"https://github.com/bitnami/containers/tree/main/bitnami/kafka/README.md","org.opencontainers.image.licenses":"Apache-2.0","org.opencontainers.image.ref.name":"3.9.0-debian-12-r3","org.opencontainers.image.source":"https://github.com/bitnami/containers/tree/main/bitnami/kafka","org.opencontainers.image.title":"kafka","org.opencontainers.image.vendor":"Broadcom, Inc.","org.opencontainers.image.version":"3.9.0"},"ParentId":"","RepoDigests":["bitnami/kafka@sha256:978583d0859444d3bc6b6592b38b5af5a834d473db51441071a20e67e0afb945"],"RepoTags":["bitnami/kafka:latest"],"SharedSize":-1,"Size":651245350,"VirtualSize":651245350},{"Containers":-1,"Created":1731199352,"Id":"sha256:d80829019e4c8f9f11dab5fcd512892c8f0b3ef6164ef4def96746e468ee6957","Labels":{"com.vmware.cp.artifact.flavor":"sha256:c50c90cfd9d12b445b011e6ad529f1ad3daea45c26d20b00732fae3cd71f6a83","org.opencontainers.image.base.name":"docker.io/bitnami/minideb:bookworm","org.opencontainers.image.created":"2024-11-10T00:39:41Z","org.opencontainers.image.description":"Application packaged by Broadcom, Inc.","org.opencontainers.image.documentation":"https://github.com/bitnami/containers/tree/main/bitnami/zookeeper/README.md","org.opencontainers.image.licenses":"Apache-2.0","org.opencontainers.image.ref.name":"3.9.3-debian-12-r1","org.opencontainers.image.source":"https://github.com/bitnami/containers/tree/main/bitnami/zookeeper","org.opencontainers.image.title":"zookeeper","org.opencontainers.image.vendor":"Broadcom, Inc.","org.opencontainers.image.version":"3.9.3"},"ParentId":"","RepoDigests":["bitnami/zookeeper@sha256:4432bfe4e1096eeb9aeea2407169ffc3a1f934ec9f56d0d5154391ace19a6546"],"RepoTags":["bitnami/zookeeper:latest"],"SharedSize":-1,"Size":601255880,"VirtualSize":601255880},{"Containers":-1,"Created":1729067831,"Id":"sha256:a60dd8dae2ade70ffa456abf7828bbb0ee1f4757218300a247811364bc4c5e54","Labels":{"com.docker.image.source.entrypoint":"kubernetes/Dockerfile","org.opencontainers.image.revision":"585664e2cd553a35d5a540e692eb6025b7805a19","org.opencontainers.image.source":"https://github.com/docker/pinata"},"ParentId":"","RepoDigests":["docker/desktop-kubernetes@sha256:7a7b02256c8de9f08984cc7db4a4d28a7765806be3faf7a4df2bd534be5a860b"],"RepoTags":["docker/desktop-kubernetes:kubernetes-v1.30.5-cni-v1.4.0-critools-v1.29.0-cri-dockerd-v0.3.11-1-debian"],"SharedSize":-1,"Size":434557606,"VirtualSize":434557606},{"Containers":-1,"Created":1726100886,"Id":"sha256:e9adc5c075a83b20d2e1f3d047811c0d3a6d89686da0c85549e5757facdcabdb","Labels":{"description":"go based runner for distroless scenarios","maintainers":"Kubernetes Authors"},"ParentId":"","RepoDigests":null,"RepoTags":["registry.k8s.io/kube-apiserver:v1.30.5"],"SharedSize":-1,"Size":116556438,"VirtualSize":116556438},{"Containers":-1,"Created":1726100885,"Id":"sha256:25903461e65c35c6917cc6e1c6e7184954f9c886aab70631395eba0d119dcb6d","Labels":{"description":"go based runner for distroless scenarios","maintainers":"Kubernetes Authors"},"ParentId":"","RepoDigests":null,"RepoTags":["registry.k8s.io/kube-scheduler:v1.30.5"],"SharedSize":-1,"Size":61993973,"VirtualSize":61993973},{"Containers":-1,"Created":1726100885,"Id":"sha256:38406042cf08513d32e3d0276280fc953d5880565fb9c52bba28f042542da92e","Labels":{"description":"go based runner for distroless scenarios","maintainers":"Kubernetes Authors"},"ParentId":"","RepoDigests":null,"RepoTags":["registry.k8s.io/kube-controller-manager:v1.30.5"],"SharedSize":-1,"Size":111150069,"VirtualSize":111150069},{"Containers":-1,"Created":1726100883,"Id":"sha256:71161e05b9bb0490ca15080235a4d61f4b9e62554a6fcc70a5839b4dca802682","Labels":null,"ParentId":"","RepoDigests":null,"RepoTags":["registry.k8s.io/kube-proxy:v1.30.5"],"SharedSize":-1,"Size":84702241,"VirtualSize":84702241},{"Containers":-1,"Created":1725652376,"Id":"sha256:a5dc2295d9040d2bfdf5371f1f4f871998a21a79e51274da0e2090254dcc39f7","Labels":{"architecture":"x86_64","build-date":"2024-08-20T18:30:35","com.redhat.component":"ubi8-minimal-container","com.redhat.license_terms":"https://www.redhat.com/en/about/red-hat-end-user-license-agreements#UBI","description":"Common base image for Confluent's Docker images.","distribution-scope":"public","io.buildah.version":"1.29.0","io.confluent.docker":"true","io.confluent.docker.build.number":"1e1b3d1f","io.confluent.docker.git.id":"fe371d7","io.confluent.docker.git.repo":"confluentinc/kafka-images","io.k8s.description":"The Universal Base Image Minimal is a stripped down image that uses microdnf as a package manager. This base image is freely redistributable, but Red Hat only supports Red Hat technologies through subscriptions for Red Hat products. This image is maintained by Red Hat and updated regularly.","io.k8s.display-name":"Red Hat Universal Base Image 8 Minimal","io.openshift.expose-services":"","io.openshift.tags":"minimal rhel8","maintainer":"partner-support@confluent.io","name":"cp-kafka","release":"7.7.1-29","summary":"Confluent platform Kafka.","url":"https://access.redhat.com/containers/#/registry.access.redhat.com/ubi8-minimal/images/8.10-1052.1724178568","vcs-ref":"4f8da2b64a13f2a264bd802d8909bf803211fb20","vcs-type":"git","vendor":"Confluent","version":"fe371d7"},"ParentId":"","RepoDigests":["confluentinc/cp-kafka@sha256:653f49c51cfebcf8301938d01044efead6afbd8dd60acd2bcf1605d7c6494d3b"],"RepoTags":["confluentinc/cp-kafka:latest"],"SharedSize":-1,"Size":862087738,"VirtualSize":862087738},{"Containers":-1,"Created":1725652235,"Id":"sha256:0d33da084fd432689d158c2f6df99db6fe9478167c7da2179ba728683cb3feef","Labels":{"architecture":"x86_64","build-date":"2024-08-20T18:30:35","com.redhat.component":"ubi8-minimal-container","com.redhat.license_terms":"https://www.redhat.com/en/about/red-hat-end-user-license-agreements#UBI","description":"ZooKeeper is a centralized service for maintaining configuration information, naming, providing distributed synchronization, and providing group services.","distribution-scope":"public","io.buildah.version":"1.29.0","io.confluent.docker":"true","io.confluent.docker.build.number":"1e1b3d1f","io.confluent.docker.git.id":"fe371d7","io.confluent.docker.git.repo":"confluentinc/kafka-images","io.k8s.description":"The Universal Base Image Minimal is a stripped down image that uses microdnf as a package manager. This base image is freely redistributable, but Red Hat only supports Red Hat technologies through subscriptions for Red Hat products. This image is maintained by Red Hat and updated regularly.","io.k8s.display-name":"Red Hat Universal Base Image 8 Minimal","io.openshift.expose-services":"","io.openshift.tags":"minimal rhel8","maintainer":"partner-support@confluent.io","name":"cp-zookeeper","release":"7.7.1-29","summary":"ZooKeeper is a centralized service for maintaining configuration information, naming, providing distributed synchronization, and providing group services.","url":"https://access.redhat.com/containers/#/registry.access.redhat.com/ubi8-minimal/images/8.10-1052.1724178568","vcs-ref":"4f8da2b64a13f2a264bd802d8909bf803211fb20","vcs-type":"git","vendor":"Confluent","version":"fe371d7"},"ParentId":"","RepoDigests":["confluentinc/cp-zookeeper@sha256:86bfe47cc8b55e290bbe21c156e99ac3859df7a1dea66379e43a137d32e80ea3"],"RepoTags":["confluentinc/cp-zookeeper:latest"],"SharedSize":-1,"Size":862086535,"VirtualSize":862086535},{"Containers":-1,"Created":1724766968,"Id":"sha256:de903bc9ce7c4e27fd447a72849506b3bcebd10a87aab770696442502152bfb5","Labels":{"maintainer":"Grafana Labs \u003chello@grafana.com\u003e"},"ParentId":"","RepoDigests":["grafana/grafana@sha256:408afb9726de5122b00a2576763a8a57a3c86d5b0eff5305bc994ceb3eb96c3f"],"RepoTags":["grafana/grafana:latest"],"SharedSize":-1,"Size""
17:56:46.056 [Test worker] DEBUG com.github.dockerjava.zerodep.shaded.org.apache.hc.client5.http.wire -- http-outgoing-0 << ":478045836,"VirtualSize":478045836},{"Containers":-1,"Created":1722274201,"Id":"sha256:c69fa2e9cbf5f42dc48af631e956d3f95724c13f91596bc567591790e5e36db6","Labels":null,"ParentId":"","RepoDigests":null,"RepoTags":["registry.k8s.io/coredns/coredns:v1.11.3"],"SharedSize":-1,"Size":61818567,"VirtualSize":61818567},{"Containers":-1,"Created":1720530806,"Id":"sha256:ddc8000cc3586d2749e8c126fd5dbdefebe49d7c27fcec595ab640f4e7a173c2","Labels":{"org.opencontainers.image.ref.name":"ubuntu","org.opencontainers.image.version":"22.04"},"ParentId":"","RepoDigests":["obsidiandynamics/kafdrop@sha256:b1a316d2c2e3ef783758ba2d253eb7cfa65c1bc8ae4c6cd3686942cdec7f96e7"],"RepoTags":["obsidiandynamics/kafdrop:latest"],"SharedSize":-1,"Size":622988885,"VirtualSize":622988885},{"Containers":-1,"Created":1720174809,"Id":"sha256:8b7b9de36bd5f5336bb67cdb6d8e69f9d51cf493f7ab119804aab5fbf2ad5476","Labels":{"com.docker.image.source.entrypoint":"kubernetes/Dockerfile","org.opencontainers.image.revision":"1c87c7b1a5fd7978868ba28d86a9f90c784099ca","org.opencontainers.image.source":"https://github.com/docker/pinata"},"ParentId":"","RepoDigests":["docker/desktop-kubernetes@sha256:c86a2c3962729d12e51fbb4c8feeefea67778a70a6ffecf3baff3039d80b4cf5"],"RepoTags":["docker/desktop-kubernetes:kubernetes-v1.30.2-cni-v1.4.0-critools-v1.29.0-cri-dockerd-v0.3.11-1-debian"],"SharedSize":-1,"Size":434506998,"VirtualSize":434506998},{"Containers":-1,"Created":1718138515,"Id":"sha256:56ce0fd9fb532bcb552ddbdbe3064189ce823a71693d97ff7a0a7a4ff6bffbbe","Labels":{"description":"go based runner for distroless scenarios","maintainers":"Kubernetes Authors"},"ParentId":"","RepoDigests":null,"RepoTags":["registry.k8s.io/kube-apiserver:v1.30.2"],"SharedSize":-1,"Size":116552324,"VirtualSize":116552324},{"Containers":-1,"Created":1718138513,"Id":"sha256:e874818b3caac34f68704eb96bf248d0c8116b1262ab549d45d39dd3dd775974","Labels":{"description":"go based runner for distroless scenarios","maintainers":"Kubernetes Authors"},"ParentId":"","RepoDigests":null,"RepoTags":["registry.k8s.io/kube-controller-manager:v1.30.2"],"SharedSize":-1,"Size":111137763,"VirtualSize":111137763},{"Containers":-1,"Created":1718138512,"Id":"sha256:7820c83aa139453522e9028341d0d4f23ca2721ec80c7a47425446d11157b940","Labels":{"description":"go based runner for distroless scenarios","maintainers":"Kubernetes Authors"},"ParentId":"","RepoDigests":null,"RepoTags":["registry.k8s.io/kube-scheduler:v1.30.2"],"SharedSize":-1,"Size":61993955,"VirtualSize":61993955},{"Containers":-1,"Created":1718138511,"Id":"sha256:53c535741fb446f6b34d720fdc5748db368ef96771111f3892682e6eab8f3772","Labels":null,"ParentId":"","RepoDigests":null,"RepoTags":["registry.k8s.io/kube-proxy:v1.30.2"],"SharedSize":-1,"Size":84696515,"VirtualSize":84696515},{"Containers":-1,"Created":1713864291,"Id":"sha256:221a75ea8a2a2a39583ef71f518d3cf2c63da048e948395bb64b71f4745ba144","Labels":{"maintainer":"Ashley Jeffs \u003cash@benthos.dev\u003e","org.opencontainers.image.source":"https://github.com/benthosdev/benthos"},"ParentId":"","RepoDigests":["jeffail/benthos@sha256:7949a2219a265150d3676c1ac108712ac4c03b9a52176d6f735c3e5131cc7b91"],"RepoTags":["jeffail/benthos:latest"],"SharedSize":-1,"Size":153615982,"VirtualSize":153615982},{"Containers":-1,"Created":1712742234,"Id":"sha256:99307ab28a49d7bfa4102e3f4961eccb607c7ad9a3aa83c604b14705e6ff0896","Labels":null,"ParentId":"","RepoDigests":["provectuslabs/kafka-ui@sha256:8f2ff02d64b0a7a2b71b6b3b3148b85f66d00ec20ad40c30bdcd415d46d31818"],"RepoTags":["provectuslabs/kafka-ui:latest"],"SharedSize":-1,"Size":291417989,"VirtualSize":291417989},{"Containers":-1,"Created":1707151795,"Id":"sha256:3861cfcd7c04ccac1f062788eca39487248527ef0c0cfd477a83d7691a75a899","Labels":null,"ParentId":"","RepoDigests":null,"RepoTags":["registry.k8s.io/etcd:3.5.12-0"],"SharedSize":-1,"Size":149347661,"VirtualSize":149347661},{"Containers":-1,"Created":1700820485,"Id":"sha256:35b6210a719bc46f2165023d4b014c504d67978813a623ef9603e64a30b5dba6","Labels":{"maintainer":"Ashley Jeffs \u003cash@jeffail.uk\u003e"},"ParentId":"","RepoDigests":["jeffail/benthos@sha256:4c9624177320f63557141c8345e8ac96fac6c5290bcc7712f6e17bdfd48b1d13"],"RepoTags":["jeffail/benthos:4.24"],"SharedSize":-1,"Size":138022510,"VirtualSize":138022510},{"Containers":-1,"Created":1692129662,"Id":"sha256:cbb01a7bd410dc08ba382018ab909a674fb0e48687f0c00797ed5bc34fcc6bb4","Labels":null,"ParentId":"","RepoDigests":null,"RepoTags":["registry.k8s.io/coredns/coredns:v1.11.1"],"SharedSize":-1,"Size":59820619,"VirtualSize":59820619},{"Containers":-1,"Created":1690045498,"Id":"sha256:1742f721a75add5463c65edf1ca3f09bbc31a385b56a0f0ad2444dbf29ba9c34","Labels":{"com.vmware.cp.artifact.flavor":"sha256:1e1b4657a77f0d47e9220f0c37b9bf7802581b93214fff7d1bd2364c8bf22e8e","org.opencontainers.image.base.name":"docker.io/bitnami/minideb:bullseye","org.opencontainers.image.created":"2023-07-22T17:03:59Z","org.opencontainers.image.description":"Application packaged by VMware, Inc","org.opencontainers.image.licenses":"Apache-2.0","org.opencontainers.image.ref.name":"3.5.0-debian-11-r26","org.opencontainers.image.title":"kafka","org.opencontainers.image.vendor":"VMware, Inc.","org.opencontainers.image.version":"3.5.0"},"ParentId":"","RepoDigests":["bitnami/kafka@sha256:d1dc7d29a9431bac72318fd1db73230cb3017d7683727519189a8332ba5237d1"],"RepoTags":["bitnami/kafka:3.5.0"],"SharedSize":-1,"Size":558624106,"VirtualSize":558624106},{"Containers":-1,"Created":1689677847,"Id":"sha256:483099c2845eb30530d8d7265606161487d620ea586bf6a51153e351d7ae8bef","Labels":{"com.vmware.cp.artifact.flavor":"sha256:1e1b4657a77f0d47e9220f0c37b9bf7802581b93214fff7d1bd2364c8bf22e8e","org.opencontainers.image.base.name":"docker.io/bitnami/minideb:bullseye","org.opencontainers.image.created":"2023-07-18T10:56:25Z","org.opencontainers.image.description":"Application packaged by VMware, Inc","org.opencontainers.image.licenses":"Apache-2.0","org.opencontainers.image.ref.name":"3.8.1-debian-11-r147","org.opencontainers.image.title":"zookeeper","org.opencontainers.image.vendor":"VMware, Inc.","org.opencontainers.image.version":"3.8.1"},"ParentId":"","RepoDigests":["bitnami/zookeeper@sha256:f70edacf1897b17f4bca2448f21c4b921c1ae6f38bb657dc8182dcaed614e417"],"RepoTags":["bitnami/zookeeper:3.8.1"],"SharedSize":-1,"Size":510917376,"VirtualSize":510917376},{"Containers":-1,"Created":1684336262,"Id":"sha256:ec913eeff75a6b5ed284cf17e186213a466ec10a8f471798318ffa0813b5d828","Labels":{"org.testcontainers.ryuk":"true"},"ParentId":"","RepoDigests":["testcontainers/ryuk@sha256:533abc56c07b52a26c955d1e7ae428d810582ab01c156384ae79960eb5fa0775"],"RepoTags":["testcontainers/ryuk:0.5.1"],"SharedSize":-1,"Size":12695732,"VirtualSize":12695732},{"Containers":-1,"Created":1684158920,"Id":"sha256:556098075b3dc5ef7a290f73cd5e7cda37b52c9d09febe23e103e6199067eb89","Labels":null,"ParentId":"","RepoDigests":["docker/desktop-vpnkit-controller@sha256:7ecf567ea07095f9af6ce2004055d4d37e4ee3bc19b553cce2f6c37ee9b916bf"],"RepoTags":["docker/desktop-vpnkit-controller:dc331cb22850be0cdd97c84a9cfecaf44a1afb6e"],"SharedSize":-1,"Size":36226360,"VirtualSize":36226360},{"Containers":-1,"Created":1683046167,"Id":"sha256:ee301c921b8aadc002973b2e0c3da17d701dcd994b606769a7e6eaa100b81d44","Labels":null,"ParentId":"","RepoDigests":["atlassian/hello-world@sha256:a8ea96bb64d60208d6a56712042d1cf58aa4a7d3751b897b9320b0813c81cbb4"],"RepoTags":["atlassian/hello-world:latest"],"SharedSize":-1,"Size":9136,"VirtualSize":9136},{"Containers":-1,"Created":1665686141,"Id":"sha256:e6f1816883972d4be47bd48879a08919b96afcd344132622e4d444987919323c","Labels":null,"ParentId":"","RepoDigests":null,"RepoTags":["registry.k8s.io/pause:3.9"],"SharedSize":-1,"Size":743952,"VirtualSize":743952},{"Containers":-1,"Created":1641505006,"Id":"sha256:9a2652c5f453b2f21ac32f841a6ed1897097741d69a1a4cc1947f58fae0d04b4","Labels":{"org.label-schema.build-date":"2022-01-06T21:30:50.087716Z","org.label-schema.license":"Elastic-License","org.label-schema"
17:56:46.062 [Test worker] DEBUG com.github.dockerjava.zerodep.shaded.org.apache.hc.client5.http.wire -- http-outgoing-0 << ".name":"Elasticsearch","org.label-schema.schema-version":"1.0","org.label-schema.url":"https://www.elastic.co/products/elasticsearch","org.label-schema.usage":"https://www.elastic.co/guide/en/elasticsearch/reference/index.html","org.label-schema.vcs-ref":"4f67856884ff580d8b48a858411b8c17cb0f8cdb","org.label-schema.vcs-url":"https://github.com/elastic/elasticsearch","org.label-schema.vendor":"Elastic","org.label-schema.version":"6.8.23","org.opencontainers.image.created":"2022-01-06T21:30:50.087716Z","org.opencontainers.image.documentation":"https://www.elastic.co/guide/en/elasticsearch/reference/index.html","org.opencontainers.image.licenses":"Elastic-License","org.opencontainers.image.revision":"4f67856884ff580d8b48a858411b8c17cb0f8cdb","org.opencontainers.image.source":"https://github.com/elastic/elasticsearch","org.opencontainers.image.title":"Elasticsearch","org.opencontainers.image.url":"https://www.elastic.co/products/elasticsearch","org.opencontainers.image.vendor":"Elastic","org.opencontainers.image.version":"6.8.23"},"ParentId":"","RepoDigests":["docker.elastic.co/elasticsearch/elasticsearch@sha256:ca5dac2352e09263e55cccac445d69a0d2eec9c8c26a4c95c3b1430de1f427f2"],"RepoTags":["docker.elastic.co/elasticsearch/elasticsearch:6.8.23"],"SharedSize":-1,"Size":963301191,"VirtualSize":963301191},{"Containers":-1,"Created":1619456701,"Id":"sha256:99f89471f4708f1173e688f7f77bf6b995b10355a46cc388b273b0130add7aad","Labels":null,"ParentId":"","RepoDigests":["docker/desktop-storage-provisioner@sha256:115d77efe6e256cefbcdf1d3292bede9339ef3952a2a83393cea217a3ffdef36"],"RepoTags":["docker/desktop-storage-provisioner:v2.0"],"SharedSize":-1,"Size":41850220,"VirtualSize":41850220},{"Containers":-1,"Created":1557951011,"Id":"sha256:d0b291d7093b89017e2578932329eebe6f973a382231ff3bed716ea0951d8e9b","Labels":{"license":"Elastic License","org.label-schema.build-date":"20190305","org.label-schema.license":"GPLv2","org.label-schema.name":"elasticsearch","org.label-schema.schema-version":"1.0","org.label-schema.url":"https://www.elastic.co/products/elasticsearch","org.label-schema.vcs-url":"https://github.com/elastic/elasticsearch","org.label-schema.vendor":"Elastic","org.label-schema.version":"6.8.0"},"ParentId":"","RepoDigests":["docker.elastic.co/elasticsearch/elasticsearch@sha256:2c77f71d560053fec89564043c7eb2dca5dd3132d85ba1f233fc5db966827446"],"RepoTags":["docker.elastic.co/elasticsearch/elasticsearch:6.8.0"],"SharedSize":-1,"Size":895117697,"VirtualSize":895117697},{"Containers":-1,"Created":1555353574,"Id":"sha256:c364cbed5b86a26e6c35540ce116f4ce468b35b4d83745ed2884c3e44f91b806","Labels":{"maintainer":"wurstmeister","org.label-schema.build-date":"2019-04-15T18:39:12Z","org.label-schema.description":"Apache Kafka","org.label-schema.name":"kafka","org.label-schema.schema-version":"1.0","org.label-schema.vcs-ref":"fc8b6d8ffd3df21c8bc855d1ceaa1d39afed6a08","org.label-schema.vcs-url":"https://github.com/wurstmeister/kafka-docker","org.label-schema.version":"2.12_2.2.0"},"ParentId":"","RepoDigests":["wurstmeister/kafka@sha256:1a70e7311d49a534cd25e72aa9e2d63b141c02b695bf61cd65195483c402367d"],"RepoTags":["wurstmeister/kafka:2.12-2.2.0"],"SharedSize":-1,"Size":421194943,"VirtualSize":421194943},{"Containers":-1,"Created":1541734858,"Id":"sha256:6ff9736c199683a02523372b717c4ff3df851fc12d1a8bbb56f2c9ffacc11e8e","Labels":{"maintainer":"Bitnami \u003ccontainers@bitnami.com\u003e"},"ParentId":"","RepoDigests":["bitnami/kafka@sha256:e7b90e93be338381d57991073ea5a493ba20834afa39114d64db5a601fd53827"],"RepoTags":["bitnami/kafka:2.0.0"],"SharedSize":-1,"Size":423220156,"VirtualSize":423220156}][\n]"
17:56:46.063 [Test worker] DEBUG com.github.dockerjava.zerodep.shaded.org.apache.hc.client5.http.wire -- http-outgoing-0 << "[\r][\n]"
17:56:46.063 [Test worker] DEBUG com.github.dockerjava.zerodep.shaded.org.apache.hc.client5.http.wire -- http-outgoing-0 << "0[\r][\n]"
17:56:46.063 [Test worker] DEBUG com.github.dockerjava.zerodep.shaded.org.apache.hc.client5.http.wire -- http-outgoing-0 << "[\r][\n]"
17:56:46.063 [Test worker] DEBUG com.github.dockerjava.zerodep.shaded.org.apache.hc.client5.http.impl.classic.InternalHttpClient -- ep-00000002: releasing valid endpoint
17:56:46.063 [Test worker] DEBUG com.github.dockerjava.zerodep.shaded.org.apache.hc.client5.http.impl.io.PoolingHttpClientConnectionManager -- ep-00000002: releasing endpoint
17:56:46.063 [Test worker] DEBUG com.github.dockerjava.zerodep.shaded.org.apache.hc.client5.http.impl.io.PoolingHttpClientConnectionManager -- ep-00000002: connection http-outgoing-0 can be kept alive for 3 MINUTES
17:56:46.063 [Test worker] DEBUG com.github.dockerjava.zerodep.shaded.org.apache.hc.client5.http.impl.io.PoolingHttpClientConnectionManager -- ep-00000002: connection released [route: {}->npipe://localhost:2375][total available: 1; route allocated: 1 of 2147483647; total allocated: 1 of 2147483647]
17:56:46.065 [Test worker] DEBUG org.testcontainers.images.AbstractImagePullPolicy -- Using locally available and not pulling image: testcontainers/ryuk:0.5.1
17:56:46.066 [Test worker] DEBUG tc.testcontainers/ryuk:0.5.1 -- Starting container: testcontainers/ryuk:0.5.1
17:56:46.068 [Test worker] DEBUG tc.testcontainers/ryuk:0.5.1 -- Trying to start container: testcontainers/ryuk:0.5.1 (attempt 1/1)
17:56:46.068 [Test worker] DEBUG tc.testcontainers/ryuk:0.5.1 -- Starting container: testcontainers/ryuk:0.5.1
17:56:46.068 [Test worker] INFO tc.testcontainers/ryuk:0.5.1 -- Creating container for image: testcontainers/ryuk:0.5.1
17:56:46.074 [Test worker] DEBUG org.testcontainers.utility.RegistryAuthLocator -- Looking up auth config for image: testcontainers/ryuk:0.5.1 at registry: https://index.docker.io/v1/
17:56:46.074 [Test worker] DEBUG org.testcontainers.utility.RegistryAuthLocator -- RegistryAuthLocator has configFile: C:\Users\GH27243\.docker\config.json (exists) configEnv: DOCKER_AUTH_CONFIG (does not exist) and commandPathPrefix: 
17:56:46.074 [Test worker] DEBUG org.testcontainers.utility.RegistryAuthLocator -- RegistryAuthLocator reading from configFile: C:\Users\GH27243\.docker\config.json
17:56:46.075 [Test worker] DEBUG org.testcontainers.utility.RegistryAuthLocator -- registryName [https://index.docker.io/v1/] for dockerImageName [testcontainers/ryuk:0.5.1]
17:56:46.075 [Test worker] DEBUG org.testcontainers.utility.RegistryAuthLocator -- Executing docker credential provider: docker-credential-desktop to locate auth config for: https://index.docker.io/v1/
17:56:46.088 [Test worker] DEBUG org.testcontainers.shaded.org.zeroturnaround.exec.ProcessExecutor -- Executing [cmd, /c, docker-credential-desktop, get].
17:56:46.099 [Test worker] DEBUG org.testcontainers.shaded.org.zeroturnaround.exec.ProcessExecutor -- Started Process[pid=18408, exitValue="not exited"]
17:56:46.708 [WaitForProcess-Process[pid=18408, exitValue="not exited"]] DEBUG org.testcontainers.shaded.org.zeroturnaround.exec.WaitForProcess -- Process[pid=18408, exitValue=0] stopped with exit code 0
17:56:46.711 [Test worker] DEBUG org.testcontainers.utility.RegistryAuthLocator -- Credential helper/store provided auth config for: https://index.docker.io/v1/
17:56:46.715 [Test worker] DEBUG org.testcontainers.utility.RegistryAuthLocator -- found creds store auth config [AuthConfig{username=johnny202408, password=hidden non-blank value, auth=blank, email=null, registryAddress=https://index.docker.io/v1/, registryToken=blank}]
17:56:46.716 [Test worker] DEBUG org.testcontainers.utility.RegistryAuthLocator -- Cached auth found: [AuthConfig{username=johnny202408, password=hidden non-blank value, auth=blank, email=null, registryAddress=https://index.docker.io/v1/, registryToken=blank}]
17:56:46.716 [Test worker] DEBUG org.testcontainers.dockerclient.AuthDelegatingDockerClientConfig -- Effective auth config [AuthConfig{username=johnny202408, password=hidden non-blank value, auth=blank, email=null, registryAddress=https://index.docker.io/v1/, registryToken=blank}]
17:56:46.730 [Test worker] DEBUG org.testcontainers.shaded.com.github.dockerjava.core.command.AbstrDockerCmd -- Cmd: org.testcontainers.shaded.com.github.dockerjava.core.command.CreateContainerCmdImpl@1f4d38f9[aliases=<null>,argsEscaped=<null>,attachStderr=<null>,attachStdin=<null>,attachStdout=<null>,authConfig=AuthConfig(username=johnny202408, email=null, registryAddress=https://index.docker.io/v1/, stackOrchestrator=null),cmd={},domainName=<null>,entrypoint=<null>,env={},exposedPorts=ExposedPorts(exposedPorts=[8080/tcp]),healthcheck=<null>,hostConfig=HostConfig(binds=[//var/run/docker.sock:/var/run/docker.sock:rw], blkioWeight=null, blkioWeightDevice=null, blkioDeviceReadBps=null, blkioDeviceWriteBps=null, blkioDeviceReadIOps=null, blkioDeviceWriteIOps=null, memorySwappiness=null, nanoCPUs=null, capAdd=null, capDrop=null, containerIDFile=null, cpuPeriod=null, cpuRealtimePeriod=null, cpuRealtimeRuntime=null, cpuShares=null, cpuQuota=null, cpusetCpus=null, cpusetMems=null, devices=null, deviceCgroupRules=null, deviceRequests=null, diskQuota=null, dns=null, dnsOptions=null, dnsSearch=null, extraHosts=[], groupAdd=null, ipcMode=null, cgroup=null, links=[], logConfig=LogConfig(type=null, config=null), lxcConf=null, memory=null, memorySwap=null, memoryReservation=null, kernelMemory=null, networkMode=null, oomKillDisable=null, init=null, autoRemove=true, oomScoreAdj=null, portBindings={8080/tcp=[Lcom.github.dockerjava.api.model.Ports$Binding;@3a8b9458}, privileged=true, publishAllPorts=null, readonlyRootfs=null, restartPolicy=null, ulimits=null, cpuCount=null, cpuPercent=null, ioMaximumIOps=null, ioMaximumBandwidth=null, volumesFrom=[], mounts=null, pidMode=null, isolation=null, securityOpts=null, storageOpt=null, cgroupParent=null, volumeDriver=null, shmSize=null, pidsLimit=null, runtime=null, tmpFs=null, utSMode=null, usernsMode=null, sysctls=null, consoleSize=null, cgroupnsMode=null),hostName=<null>,image=testcontainers/ryuk:0.5.1,ipv4Address=<null>,ipv6Address=<null>,labels={org.testcontainers=true, org.testcontainers.lang=java, org.testcontainers.version=1.19.3},macAddress=<null>,name=testcontainers-ryuk-6cd0fa27-c8f8-4bbe-9d90-bcb35ed7993b,networkDisabled=<null>,networkingConfig=<null>,onBuild=<null>,platform=<null>,portSpecs=<null>,shell=<null>,stdInOnce=<null>,stdinOpen=<null>,stopSignal=<null>,stopTimeout=<null>,tty=<null>,user=<null>,volumes=Volumes(volumes=[]),workingDir=<null>]
17:56:46.822 [Test worker] DEBUG com.github.dockerjava.zerodep.shaded.org.apache.hc.client5.http.impl.classic.InternalHttpClient -- ex-00000004: preparing request execution
17:56:46.822 [Test worker] DEBUG com.github.dockerjava.zerodep.shaded.org.apache.hc.client5.http.protocol.RequestAddCookies -- Cookie spec selected: strict
17:56:46.822 [Test worker] DEBUG com.github.dockerjava.zerodep.shaded.org.apache.hc.client5.http.protocol.RequestAuthCache -- Auth cache not set in the context
17:56:46.822 [Test worker] DEBUG com.github.dockerjava.zerodep.shaded.org.apache.hc.client5.http.impl.classic.ProtocolExec -- ex-00000004: target auth state: UNCHALLENGED
17:56:46.822 [Test worker] DEBUG com.github.dockerjava.zerodep.shaded.org.apache.hc.client5.http.impl.classic.ProtocolExec -- ex-00000004: proxy auth state: UNCHALLENGED
17:56:46.822 [Test worker] DEBUG com.github.dockerjava.zerodep.shaded.org.apache.hc.client5.http.impl.classic.ConnectExec -- ex-00000004: acquiring connection with route {}->npipe://localhost:2375
17:56:46.822 [Test worker] DEBUG com.github.dockerjava.zerodep.shaded.org.apache.hc.client5.http.impl.classic.InternalHttpClient -- ex-00000004: acquiring endpoint (3 MINUTES)
17:56:46.822 [Test worker] DEBUG com.github.dockerjava.zerodep.shaded.org.apache.hc.client5.http.impl.io.PoolingHttpClientConnectionManager -- ex-00000004: endpoint lease request (3 MINUTES) [route: {}->npipe://localhost:2375][total available: 1; route allocated: 1 of 2147483647; total allocated: 1 of 2147483647]
17:56:46.822 [Test worker] DEBUG com.github.dockerjava.zerodep.shaded.org.apache.hc.client5.http.impl.io.PoolingHttpClientConnectionManager -- ex-00000004: endpoint leased [route: {}->npipe://localhost:2375][total available: 0; route allocated: 1 of 2147483647; total allocated: 1 of 2147483647]
17:56:46.822 [Test worker] DEBUG com.github.dockerjava.zerodep.shaded.org.apache.hc.client5.http.impl.io.PoolingHttpClientConnectionManager -- ex-00000004: acquired ep-00000003
17:56:46.822 [Test worker] DEBUG com.github.dockerjava.zerodep.shaded.org.apache.hc.client5.http.impl.classic.InternalHttpClient -- ex-00000004: acquired endpoint ep-00000003
17:56:46.822 [Test worker] DEBUG com.github.dockerjava.zerodep.shaded.org.apache.hc.client5.http.impl.classic.MainClientExec -- ex-00000004: executing POST /v1.32/containers/create?name=testcontainers-ryuk-6cd0fa27-c8f8-4bbe-9d90-bcb35ed7993b HTTP/1.1
17:56:46.822 [Test worker] DEBUG com.github.dockerjava.zerodep.shaded.org.apache.hc.client5.http.impl.classic.InternalHttpClient -- ep-00000003: start execution ex-00000004
17:56:46.822 [Test worker] DEBUG com.github.dockerjava.zerodep.shaded.org.apache.hc.client5.http.impl.io.PoolingHttpClientConnectionManager -- ep-00000003: executing exchange ex-00000004 over http-outgoing-0
17:56:46.823 [Test worker] DEBUG com.github.dockerjava.zerodep.shaded.org.apache.hc.client5.http.headers -- http-outgoing-0 >> POST /v1.32/containers/create?name=testcontainers-ryuk-6cd0fa27-c8f8-4bbe-9d90-bcb35ed7993b HTTP/1.1
17:56:46.823 [Test worker] DEBUG com.github.dockerjava.zerodep.shaded.org.apache.hc.client5.http.headers -- http-outgoing-0 >> X-Registry-Auth: eyJ1c2VybmFtZSI6ImpvaG5ueTIwMjQwOCIsInBhc3N3b3JkIjoiZGNrcl9wYXRfQlMxZVpvVmlPNDRCOEhneWxNdFVPdlVaM2w4IiwiZW1haWwiOm51bGwsInNlcnZlcmFkZHJlc3MiOiJodHRwczovL2luZGV4LmRvY2tlci5pby92MS8iLCJhdXRoIjpudWxsLCJyZWdpc3RyeXRva2VuIjpudWxsLCJpZGVudGl0eXRva2VuIjpudWxsLCJzdGFja09yY2hlc3RyYXRvciI6bnVsbH0=
17:56:46.823 [Test worker] DEBUG com.github.dockerjava.zerodep.shaded.org.apache.hc.client5.http.headers -- http-outgoing-0 >> accept: application/json
17:56:46.823 [Test worker] DEBUG com.github.dockerjava.zerodep.shaded.org.apache.hc.client5.http.headers -- http-outgoing-0 >> content-type: application/json
17:56:46.823 [Test worker] DEBUG com.github.dockerjava.zerodep.shaded.org.apache.hc.client5.http.headers -- http-outgoing-0 >> x-tc-sid: 6cd0fa27-c8f8-4bbe-9d90-bcb35ed7993b
17:56:46.823 [Test worker] DEBUG com.github.dockerjava.zerodep.shaded.org.apache.hc.client5.http.headers -- http-outgoing-0 >> User-Agent: tc-java/1.19.3
[...]
17:57:27.383 [Test worker] DEBUG com.github.dockerjava.zerodep.shaded.org.apache.hc.client5.http.wire -- http-outgoing-5 << "Api-Version: 1.47[\r][\n]"
17:57:27.384 [Test worker] DEBUG com.github.dockerjava.zerodep.shaded.org.apache.hc.client5.http.wire -- http-outgoing-5 << "Content-Type: application/json[\r][\n]"
17:57:27.384 [Test worker] DEBUG com.github.dockerjava.zerodep.shaded.org.apache.hc.client5.http.wire -- http-outgoing-5 << "Date: Mon, 06 Jan 2025 15:57:27 GMT[\r][\n]"
17:57:27.384 [Test worker] DEBUG com.github.dockerjava.zerodep.shaded.org.apache.hc.client5.http.wire -- http-outgoing-5 << "Docker-Experimental: false[\r][\n]"
17:57:27.384 [Test worker] DEBUG com.github.dockerjava.zerodep.shaded.org.apache.hc.client5.http.wire -- http-outgoing-5 << "Ostype: linux[\r][\n]"
17:57:27.384 [Test worker] DEBUG com.github.dockerjava.zerodep.shaded.org.apache.hc.client5.http.wire -- http-outgoing-5 << "Server: Docker/27.4.0 (linux)[\r][\n]"
17:57:27.384 [Test worker] DEBUG com.github.dockerjava.zerodep.shaded.org.apache.hc.client5.http.wire -- http-outgoing-5 << "Transfer-Encoding: chunked[\r][\n]"
17:57:27.384 [Test worker] DEBUG com.github.dockerjava.zerodep.shaded.org.apache.hc.client5.http.wire -- http-outgoing-5 << "[\r][\n]"
17:57:27.384 [Test worker] DEBUG com.github.dockerjava.zerodep.shaded.org.apache.hc.client5.http.headers -- http-outgoing-5 << HTTP/1.1 200 OK
17:57:27.384 [Test worker] DEBUG com.github.dockerjava.zerodep.shaded.org.apache.hc.client5.http.headers -- http-outgoing-5 << Api-Version: 1.47
17:57:27.384 [Test worker] DEBUG com.github.dockerjava.zerodep.shaded.org.apache.hc.client5.http.headers -- http-outgoing-5 << Content-Type: application/json
17:57:27.384 [Test worker] DEBUG com.github.dockerjava.zerodep.shaded.org.apache.hc.client5.http.headers -- http-outgoing-5 << Date: Mon, 06 Jan 2025 15:57:27 GMT
17:57:27.384 [Test worker] DEBUG com.github.dockerjava.zerodep.shaded.org.apache.hc.client5.http.headers -- http-outgoing-5 << Docker-Experimental: false
17:57:27.384 [Test worker] DEBUG com.github.dockerjava.zerodep.shaded.org.apache.hc.client5.http.headers -- http-outgoing-5 << Ostype: linux
17:57:27.384 [Test worker] DEBUG com.github.dockerjava.zerodep.shaded.org.apache.hc.client5.http.headers -- http-outgoing-5 << Server: Docker/27.4.0 (linux)
17:57:27.384 [Test worker] DEBUG com.github.dockerjava.zerodep.shaded.org.apache.hc.client5.http.headers -- http-outgoing-5 << Transfer-Encoding: chunked
17:57:27.384 [Test worker] DEBUG com.github.dockerjava.zerodep.shaded.org.apache.hc.client5.http.impl.classic.MainClientExec -- ex-00000021: connection can be kept alive for 3 MINUTES
17:57:27.387 [Test worker] DEBUG com.github.dockerjava.zerodep.shaded.org.apache.hc.client5.http.wire -- http-outgoing-5 << "19ce[\r][\n]"
17:57:27.387 [Test worker] DEBUG com.github.dockerjava.zerodep.shaded.org.apache.hc.client5.http.wire -- http-outgoing-5 << "{"Id":"7e032c4a58f5bad35252a61712484bc7f01916de65129158bec9df3049e24250","Created":"2025-01-06T15:56:49.128018425Z","Path":"/usr/local/bin/docker-entrypoint.sh","Args":["eswrapper"],"State":{"Status":"exited","Running":false,"Paused":false,"Restarting":false,"OOMKilled":false,"Dead":false,"Pid":0,"ExitCode":137,"Error":"","StartedAt":"2025-01-06T15:56:49.915648417Z","FinishedAt":"2025-01-06T15:57:26.874594404Z"},"Image":"sha256:9a2652c5f453b2f21ac32f841a6ed1897097741d69a1a4cc1947f58fae0d04b4","ResolvConfPath":"/var/lib/docker/containers/7e032c4a58f5bad35252a61712484bc7f01916de65129158bec9df3049e24250/resolv.conf","HostnamePath":"/var/lib/docker/containers/7e032c4a58f5bad35252a61712484bc7f01916de65129158bec9df3049e24250/hostname","HostsPath":"/var/lib/docker/containers/7e032c4a58f5bad35252a61712484bc7f01916de65129158bec9df3049e24250/hosts","LogPath":"/var/lib/docker/containers/7e032c4a58f5bad35252a61712484bc7f01916de65129158bec9df3049e24250/7e032c4a58f5bad35252a61712484bc7f01916de65129158bec9df3049e24250-json.log","Name":"/nervous_mahavira","RestartCount":0,"Driver":"overlay2","Platform":"linux","MountLabel":"","ProcessLabel":"","AppArmorProfile":"","ExecIDs":null,"HostConfig":{"Binds":[],"ContainerIDFile":"","LogConfig":{"Type":"json-file","Config":{}},"NetworkMode":"bridge","PortBindings":{"9200/tcp":[{"HostIp":"0.0.0.0","HostPort":"0"}],"9300/tcp":[{"HostIp":"0.0.0.0","HostPort":"0"}]},"RestartPolicy":{"Name":"no","MaximumRetryCount":0},"AutoRemove":false,"VolumeDriver":"","VolumesFrom":[],"ConsoleSize":[0,0],"CapAdd":null,"CapDrop":null,"CgroupnsMode":"host","Dns":null,"DnsOptions":null,"DnsSearch":null,"ExtraHosts":[],"GroupAdd":null,"IpcMode":"shareable","Cgroup":"","Links":null,"OomScoreAdj":0,"PidMode":"","Privileged":false,"PublishAllPorts":false,"ReadonlyRootfs":false,"SecurityOpt":null,"UTSMode":"","UsernsMode":"","ShmSize":67108864,"Runtime":"runc","Isolation":"","CpuShares":0,"Memory":0,"NanoCpus":0,"CgroupParent":"","BlkioWeight":0,"BlkioWeightDevice":null,"BlkioDeviceReadBps":null,"BlkioDeviceWriteBps":null,"BlkioDeviceReadIOps":null,"BlkioDeviceWriteIOps":null,"CpuPeriod":0,"CpuQuota":0,"CpuRealtimePeriod":0,"CpuRealtimeRuntime":0,"CpusetCpus":"","CpusetMems":"","Devices":null,"DeviceCgroupRules":null,"DeviceRequests":null,"MemoryReservation":0,"MemorySwap":0,"MemorySwappiness":null,"OomKillDisable":false,"PidsLimit":null,"Ulimits":null,"CpuCount":0,"CpuPercent":0,"IOMaximumIOps":0,"IOMaximumBandwidth":0,"MaskedPaths":["/proc/asound","/proc/acpi","/proc/kcore","/proc/keys","/proc/latency_stats","/proc/timer_list","/proc/timer_stats","/proc/sched_debug","/proc/scsi","/sys/firmware","/sys/devices/virtual/powercap"],"ReadonlyPaths":["/proc/bus","/proc/fs","/proc/irq","/proc/sys","/proc/sysrq-trigger"]},"GraphDriver":{"Data":{"LowerDir":"/var/lib/docker/overlay2/db7ccc051055d5186dfe2839180a8cfcc09e19a88a162978abb90d26593d0839-init/diff:/var/lib/docker/overlay2/74322eaefb4eb8ba896c9452f3a90b91e5b35f6d0170e2cac803cc40b3c1be47/diff:/var/lib/docker/overlay2/dce1fde2f83fbda7cb27904b63909217cb10b78867acff5105d4223da17e387a/diff:/var/lib/docker/overlay2/18b128d4becde5a693f85fd30b1dae3a355be8e5917f2d25f8a06cb4f2f9d6c2/diff:/var/lib/docker/overlay2/ab7d890f0e39d176bf5350af46b881967138af68a635c59d2bf71c9eb94f271d/diff:/var/lib/docker/overlay2/00bf292e9dd6e18f5031978c27b8a60d636732e384efaa8b6b079d138946061e/diff:/var/lib/docker/overlay2/37e7e8b7c3f0e8c8a5085ef0a3680fa1cc379fa02676dbac8607f3f1605b7d08/diff:/var/lib/docker/overlay2/d27f2b5e08a5ed21faf339fe5be1ab27a45929846f33b09a24033d07d8278250/diff","MergedDir":"/var/lib/docker/overlay2/db7ccc051055d5186dfe2839180a8cfcc09e19a88a162978abb90d26593d0839/merged","UpperDir":"/var/lib/docker/overlay2/db7ccc051055d5186dfe2839180a8cfcc09e19a88a162978abb90d26593d0839/diff","WorkDir":"/var/lib/docker/overlay2/db7ccc051055d5186dfe2839180a8cfcc09e19a88a162978abb90d26593d0839/work"},"Name":"overlay2"},"Mounts":[],"Config":{"Hostname":"7e032c4a58f5","Domainname":"","User":"","AttachStdin":false,"AttachStdout":false,"AttachStderr":false,"ExposedPorts":{"9200/tcp":{},"9300/tcp":{}"
17:57:27.388 [Test worker] DEBUG com.github.dockerjava.zerodep.shaded.org.apache.hc.client5.http.wire -- http-outgoing-5 << "},"Tty":false,"OpenStdin":false,"StdinOnce":false,"Env":["discovery.type=single-node","cluster.routing.allocation.disk.threshold_enabled=false","PATH=/usr/share/elasticsearch/bin:/usr/local/sbin:/usr/local/bin:/usr/sbin:/usr/bin:/sbin:/bin","ELASTIC_CONTAINER=true","JAVA_HOME=/opt/jdk-15.0.1+9"],"Cmd":["eswrapper"],"Image":"docker.elastic.co/elasticsearch/elasticsearch:6.8.23","Volumes":null,"WorkingDir":"/usr/share/elasticsearch","Entrypoint":["/usr/local/bin/docker-entrypoint.sh"],"OnBuild":null,"Labels":{"org.label-schema.build-date":"2022-01-06T21:30:50.087716Z","org.label-schema.license":"Elastic-License","org.label-schema.name":"Elasticsearch","org.label-schema.schema-version":"1.0","org.label-schema.url":"https://www.elastic.co/products/elasticsearch","org.label-schema.usage":"https://www.elastic.co/guide/en/elasticsearch/reference/index.html","org.label-schema.vcs-ref":"4f67856884ff580d8b48a858411b8c17cb0f8cdb","org.label-schema.vcs-url":"https://github.com/elastic/elasticsearch","org.label-schema.vendor":"Elastic","org.label-schema.version":"6.8.23","org.opencontainers.image.created":"2022-01-06T21:30:50.087716Z","org.opencontainers.image.documentation":"https://www.elastic.co/guide/en/elasticsearch/reference/index.html","org.opencontainers.image.licenses":"Elastic-License","org.opencontainers.image.revision":"4f67856884ff580d8b48a858411b8c17cb0f8cdb","org.opencontainers.image.source":"https://github.com/elastic/elasticsearch","org.opencontainers.image.title":"Elasticsearch","org.opencontainers.image.url":"https://www.elastic.co/products/elasticsearch","org.opencontainers.image.vendor":"Elastic","org.opencontainers.image.version":"6.8.23","org.testcontainers":"true","org.testcontainers.lang":"java","org.testcontainers.sessionId":"6cd0fa27-c8f8-4bbe-9d90-bcb35ed7993b","org.testcontainers.version":"1.19.3"}},"NetworkSettings":{"Bridge":"","SandboxID":"","SandboxKey":"","Ports":{},"HairpinMode":false,"LinkLocalIPv6Address":"","LinkLocalIPv6PrefixLen":0,"SecondaryIPAddresses":null,"SecondaryIPv6Addresses":null,"EndpointID":"","Gateway":"","GlobalIPv6Address":"","GlobalIPv6PrefixLen":0,"IPAddress":"","IPPrefixLen":0,"IPv6Gateway":"","MacAddress":"","Networks":{"bridge":{"IPAMConfig":null,"Links":null,"Aliases":null,"MacAddress":"","DriverOpts":null,"NetworkID":"e3a525583f53da14f18781913ea4d84c84e0f1e6dcaab54f1f1ea7a2014f9617","EndpointID":"","Gateway":"","IPAddress":"","IPPrefixLen":0,"IPv6Gateway":"","GlobalIPv6Address":"","GlobalIPv6PrefixLen":0,"DNSNames":null}}}}[\n]"
17:57:27.391 [Test worker] DEBUG com.github.dockerjava.zerodep.shaded.org.apache.hc.client5.http.wire -- http-outgoing-5 << "[\r][\n]"
17:57:27.391 [Test worker] DEBUG com.github.dockerjava.zerodep.shaded.org.apache.hc.client5.http.wire -- http-outgoing-5 << "0[\r][\n]"
17:57:27.391 [Test worker] DEBUG com.github.dockerjava.zerodep.shaded.org.apache.hc.client5.http.wire -- http-outgoing-5 << "[\r][\n]"
17:57:27.391 [Test worker] DEBUG com.github.dockerjava.zerodep.shaded.org.apache.hc.client5.http.impl.classic.InternalHttpClient -- ep-00000020: releasing valid endpoint
17:57:27.391 [Test worker] DEBUG com.github.dockerjava.zerodep.shaded.org.apache.hc.client5.http.impl.io.PoolingHttpClientConnectionManager -- ep-00000020: releasing endpoint
17:57:27.392 [Test worker] DEBUG com.github.dockerjava.zerodep.shaded.org.apache.hc.client5.http.impl.io.PoolingHttpClientConnectionManager -- ep-00000020: connection http-outgoing-5 can be kept alive for 3 MINUTES
17:57:27.392 [Test worker] DEBUG com.github.dockerjava.zerodep.shaded.org.apache.hc.client5.http.impl.io.PoolingHttpClientConnectionManager -- ep-00000020: connection released [route: {}->npipe://localhost:2375][total available: 1; route allocated: 1 of 2147483647; total allocated: 1 of 2147483647]
17:57:27.392 [Test worker] DEBUG org.testcontainers.shaded.com.github.dockerjava.core.command.AbstrDockerCmd -- Cmd: 7e032c4a58f5bad35252a61712484bc7f01916de65129158bec9df3049e24250,true,true
17:57:27.393 [Test worker] DEBUG com.github.dockerjava.zerodep.shaded.org.apache.hc.client5.http.impl.classic.InternalHttpClient -- ex-00000022: preparing request execution
17:57:27.393 [Test worker] DEBUG com.github.dockerjava.zerodep.shaded.org.apache.hc.client5.http.protocol.RequestAddCookies -- Cookie spec selected: strict
17:57:27.394 [Test worker] DEBUG com.github.dockerjava.zerodep.shaded.org.apache.hc.client5.http.protocol.RequestAuthCache -- Auth cache not set in the context
17:57:27.394 [Test worker] DEBUG com.github.dockerjava.zerodep.shaded.org.apache.hc.client5.http.impl.classic.ProtocolExec -- ex-00000022: target auth state: UNCHALLENGED
17:57:27.394 [Test worker] DEBUG com.github.dockerjava.zerodep.shaded.org.apache.hc.client5.http.impl.classic.ProtocolExec -- ex-00000022: proxy auth state: UNCHALLENGED
17:57:27.394 [Test worker] DEBUG com.github.dockerjava.zerodep.shaded.org.apache.hc.client5.http.impl.classic.ConnectExec -- ex-00000022: acquiring connection with route {}->npipe://localhost:2375
17:57:27.394 [Test worker] DEBUG com.github.dockerjava.zerodep.shaded.org.apache.hc.client5.http.impl.classic.InternalHttpClient -- ex-00000022: acquiring endpoint (3 MINUTES)
17:57:27.394 [Test worker] DEBUG com.github.dockerjava.zerodep.shaded.org.apache.hc.client5.http.impl.io.PoolingHttpClientConnectionManager -- ex-00000022: endpoint lease request (3 MINUTES) [route: {}->npipe://localhost:2375][total available: 1; route allocated: 1 of 2147483647; total allocated: 1 of 2147483647]
17:57:27.395 [Test worker] DEBUG com.github.dockerjava.zerodep.shaded.org.apache.hc.client5.http.impl.io.PoolingHttpClientConnectionManager -- ex-00000022: endpoint leased [route: {}->npipe://localhost:2375][total available: 0; route allocated: 1 of 2147483647; total allocated: 1 of 2147483647]
17:57:27.395 [Test worker] DEBUG com.github.dockerjava.zerodep.shaded.org.apache.hc.client5.http.impl.io.PoolingHttpClientConnectionManager -- ex-00000022: acquired ep-00000021
17:57:27.395 [Test worker] DEBUG com.github.dockerjava.zerodep.shaded.org.apache.hc.client5.http.impl.classic.InternalHttpClient -- ex-00000022: acquired endpoint ep-00000021
17:57:27.395 [Test worker] DEBUG com.github.dockerjava.zerodep.shaded.org.apache.hc.client5.http.impl.classic.MainClientExec -- ex-00000022: executing DELETE /v1.32/containers/7e032c4a58f5bad35252a61712484bc7f01916de65129158bec9df3049e24250?v=true&force=true HTTP/1.1
17:57:27.395 [Test worker] DEBUG com.github.dockerjava.zerodep.shaded.org.apache.hc.client5.http.impl.classic.InternalHttpClient -- ep-00000021: start execution ex-00000022
17:57:27.395 [Test worker] DEBUG com.github.dockerjava.zerodep.shaded.org.apache.hc.client5.http.impl.io.PoolingHttpClientConnectionManager -- ep-00000021: executing exchange ex-00000022 over http-outgoing-5
17:57:27.395 [Test worker] DEBUG com.github.dockerjava.zerodep.shaded.org.apache.hc.client5.http.headers -- http-outgoing-5 >> DELETE /v1.32/containers/7e032c4a58f5bad35252a61712484bc7f01916de65129158bec9df3049e24250?v=true&force=true HTTP/1.1
17:57:27.395 [Test worker] DEBUG com.github.dockerjava.zerodep.shaded.org.apache.hc.client5.http.headers -- http-outgoing-5 >> accept: application/json
17:57:27.395 [Test worker] DEBUG com.github.dockerjava.zerodep.shaded.org.apache.hc.client5.http.headers -- http-outgoing-5 >> x-tc-sid: 6cd0fa27-c8f8-4bbe-9d90-bcb35ed7993b
17:57:27.395 [Test worker] DEBUG com.github.dockerjava.zerodep.shaded.org.apache.hc.client5.http.headers -- http-outgoing-5 >> User-Agent: tc-java/1.19.3
17:57:27.395 [Test worker] DEBUG com.github.dockerjava.zerodep.shaded.org.apache.hc.client5.http.headers -- http-outgoing-5 >> Accept-Encoding: gzip, x-gzip, deflate
17:57:27.395 [Test worker] DEBUG com.github.dockerjava.zerodep.shaded.org.apache.hc.client5.http.headers -- http-outgoing-5 >> Host: localhost:2375
17:57:27.395 [Test worker] DEBUG com.github.dockerjava.zerodep.shaded.org.apache.hc.client5.http.headers -- http-outgoing-5 >> Connection: keep-alive
17:57:27.395 [Test worker] DEBUG com.github.dockerjava.zerodep.shaded.org.apache.hc.client5.http.wire -- http-outgoing-5 >> "DELETE /v1.32/containers/7e032c4a58f5bad35252a61712484bc7f01916de65129158bec9df3049e24250?v=true&force=true HTTP/1.1[\r][\n]"
17:57:27.395 [Test worker] DEBUG com.github.dockerjava.zerodep.shaded.org.apache.hc.client5.http.wire -- http-outgoing-5 >> "accept: application/json[\r][\n]"
17:57:27.395 [Test worker] DEBUG com.github.dockerjava.zerodep.shaded.org.apache.hc.client5.http.wire -- http-outgoing-5 >> "x-tc-sid: 6cd0fa27-c8f8-4bbe-9d90-bcb35ed7993b[\r][\n]"
17:57:27.395 [Test worker] DEBUG com.github.dockerjava.zerodep.shaded.org.apache.hc.client5.http.wire -- http-outgoing-5 >> "User-Agent: tc-java/1.19.3[\r][\n]"
17:57:27.395 [Test worker] DEBUG com.github.dockerjava.zerodep.shaded.org.apache.hc.client5.http.wire -- http-outgoing-5 >> "Accept-Encoding: gzip, x-gzip, deflate[\r][\n]"
17:57:27.395 [Test worker] DEBUG com.github.dockerjava.zerodep.shaded.org.apache.hc.client5.http.wire -- http-outgoing-5 >> "Host: localhost:2375[\r][\n]"
17:57:27.395 [Test worker] DEBUG com.github.dockerjava.zerodep.shaded.org.apache.hc.client5.http.wire -- http-outgoing-5 >> "Connection: keep-alive[\r][\n]"
17:57:27.395 [Test worker] DEBUG com.github.dockerjava.zerodep.shaded.org.apache.hc.client5.http.wire -- http-outgoing-5 >> "[\r][\n]"
17:57:27.439 [Test worker] DEBUG com.github.dockerjava.zerodep.shaded.org.apache.hc.client5.http.wire -- http-outgoing-5 << "HTTP/1.1 204 No Content[\r][\n]"
17:57:27.440 [Test worker] DEBUG com.github.dockerjava.zerodep.shaded.org.apache.hc.client5.http.wire -- http-outgoing-5 << "Api-Version: 1.47[\r][\n]"
17:57:27.440 [Test worker] DEBUG com.github.dockerjava.zerodep.shaded.org.apache.hc.client5.http.wire -- http-outgoing-5 << "Date: Mon, 06 Jan 2025 15:57:27 GMT[\r][\n]"
17:57:27.440 [Test worker] DEBUG com.github.dockerjava.zerodep.shaded.org.apache.hc.client5.http.wire -- http-outgoing-5 << "Docker-Experimental: false[\r][\n]"
17:57:27.440 [Test worker] DEBUG com.github.dockerjava.zerodep.shaded.org.apache.hc.client5.http.wire -- http-outgoing-5 << "Ostype: linux[\r][\n]"
17:57:27.440 [Test worker] DEBUG com.github.dockerjava.zerodep.shaded.org.apache.hc.client5.http.wire -- http-outgoing-5 << "Server: Docker/27.4.0 (linux)[\r][\n]"
17:57:27.440 [Test worker] DEBUG com.github.dockerjava.zerodep.shaded.org.apache.hc.client5.http.wire -- http-outgoing-5 << "[\r][\n]"
17:57:27.440 [Test worker] DEBUG com.github.dockerjava.zerodep.shaded.org.apache.hc.client5.http.headers -- http-outgoing-5 << HTTP/1.1 204 No Content
17:57:27.440 [Test worker] DEBUG com.github.dockerjava.zerodep.shaded.org.apache.hc.client5.http.headers -- http-outgoing-5 << Api-Version: 1.47
17:57:27.440 [Test worker] DEBUG com.github.dockerjava.zerodep.shaded.org.apache.hc.client5.http.headers -- http-outgoing-5 << Date: Mon, 06 Jan 2025 15:57:27 GMT
17:57:27.440 [Test worker] DEBUG com.github.dockerjava.zerodep.shaded.org.apache.hc.client5.http.headers -- http-outgoing-5 << Docker-Experimental: false
17:57:27.440 [Test worker] DEBUG com.github.dockerjava.zerodep.shaded.org.apache.hc.client5.http.headers -- http-outgoing-5 << Ostype: linux
17:57:27.440 [Test worker] DEBUG com.github.dockerjava.zerodep.shaded.org.apache.hc.client5.http.headers -- http-outgoing-5 << Server: Docker/27.4.0 (linux)
17:57:27.440 [Test worker] DEBUG com.github.dockerjava.zerodep.shaded.org.apache.hc.client5.http.impl.classic.MainClientExec -- ex-00000022: connection can be kept alive for 3 MINUTES
17:57:27.440 [Test worker] DEBUG com.github.dockerjava.zerodep.shaded.org.apache.hc.client5.http.impl.classic.InternalHttpClient -- ep-00000021: releasing valid endpoint
17:57:27.440 [Test worker] DEBUG com.github.dockerjava.zerodep.shaded.org.apache.hc.client5.http.impl.io.PoolingHttpClientConnectionManager -- ep-00000021: releasing endpoint
17:57:27.440 [Test worker] DEBUG com.github.dockerjava.zerodep.shaded.org.apache.hc.client5.http.impl.io.PoolingHttpClientConnectionManager -- ep-00000021: connection http-outgoing-5 can be kept alive for 3 MINUTES
17:57:27.441 [Test worker] DEBUG com.github.dockerjava.zerodep.shaded.org.apache.hc.client5.http.impl.io.PoolingHttpClientConnectionManager -- ep-00000021: connection released [route: {}->npipe://localhost:2375][total available: 1; route allocated: 1 of 2147483647; total allocated: 1 of 2147483647]
17:57:27.441 [Test worker] DEBUG org.testcontainers.utility.ResourceReaper -- Removed container and associated volume(s): docker.elastic.co/elasticsearch/elasticsearch:6.8.23
]]></system-out>
  <system-err><![CDATA[]]></system-err>
</testsuite>
